{"uid":"412b6dd03682f909","name":"test_right_click_btn","fullName":"tests.test_buttons#test_right_click_btn","historyId":"45559e179ddc41e956fac1db3c2903d6","time":{"start":1708120592462,"stop":1708120600832,"duration":8370},"status":"broken","statusMessage":"selenium.common.exceptions.TimeoutException: Message: \n\nTimeout: 5.0\nReason: no such element: Unable to locate element: {\"method\":\"css selector\",\"selector\":\"#rightClickMessage\"}\n  (Session info: chrome=100.0.4896.60); For documentation on this error, please visit: https://www.selenium.dev/documentation/webdriver/troubleshooting/errors#no-such-element-exception\nStacktrace:\n#0 0x562d7f850013 <unknown>\n#1 0x562d7f5b2a08 <unknown>\n#2 0x562d7f5e8fb6 <unknown>\n#3 0x562d7f5e9171 <unknown>\n#4 0x562d7f61bdd4 <unknown>\n#5 0x562d7f60695d <unknown>\n#6 0x562d7f619b94 <unknown>\n#7 0x562d7f606823 <unknown>\n#8 0x562d7f5dc08a <unknown>\n#9 0x562d7f5dd1e5 <unknown>\n#10 0x562d7f87de5d <unknown>\n#11 0x562d7f897061 <unknown>\n#12 0x562d7f87fbb5 <unknown>\n#13 0x562d7f897e08 <unknown>\n#14 0x562d7f8732f0 <unknown>\n#15 0x562d7f8b3988 <unknown>\n#16 0x562d7f8b3b08 <unknown>\n#17 0x562d7f8cd5dd <unknown>\n#18 0x7fc58f997609 <unknown>","statusTrace":"browser = <selenopiv.core.Browser object at 0x7f79b7e5a550>\n\n    def test_right_click_btn(browser):\n        # GIVEN\n        page = ButtonsPage(browser)\n        page.open_buttons_form()\n    \n        # WHEN\n        page.activate_right_click_btn()\n    \n        # THEN\n>       page.should_be_visible(page.right_click_msg)\n\ntests/test_buttons.py:26: \n_ _ _ _ _ _ _ _ _ _ _ _ _ _ _ _ _ _ _ _ _ _ _ _ _ _ _ _ _ _ _ _ _ _ _ _ _ _ _ _ \ndemoqa_test_with_selenopiv_framework/pages/buttons_page.py:39: in should_be_visible\n    element.should_be_visible()\nselenopiv/core.py:170: in should_be_visible\n    self.wait.until(condition)\n_ _ _ _ _ _ _ _ _ _ _ _ _ _ _ _ _ _ _ _ _ _ _ _ _ _ _ _ _ _ _ _ _ _ _ _ _ _ _ _ \n\nself = <selenopiv.wait.CustomWait (session=\"56cd00bca0e678e880e1a065ac6cef1e\")>\nmethod = <function Element.should_be_visible.<locals>.condition at 0x7f79b8099080>\nmessage = ''\n\n    def until(\n        self, method: Callable[[D], Union[Literal[False], T]], message: str = \"\"\n    ) -> T:\n        \"\"\"Calls the method provided with the driver as an argument until the \\\n        return value does not evaluate to ``False``.\n    \n        :param method: callable(WebDriver)\n        :param message: optional message for :exc:`TimeoutException`\n        :returns: the result of the last call to `method`\n        :raises: :exc:`selenium.common.exceptions.TimeoutException` if timeout occurs\n        \"\"\"\n        screen = None\n        stacktrace = None\n        reason = None\n        is_err = False\n    \n        end_time = time.monotonic() + self._timeout\n        while True:\n            try:\n                value = method(self._driver)\n                if value:\n                    return value\n            except self._ignored_exceptions as exc:\n                screen = getattr(exc, \"screen\", None)\n                stacktrace = getattr(exc, \"stacktrace\", None)\n                reason = getattr(exc, 'msg', None)\n            except AssertionError as err:\n                is_err = True\n                reason = err.args[0]\n            time.sleep(self._poll)\n            if time.monotonic() > end_time:\n                break\n        if is_err:\n            raise AssertionError(f'\\n\\nTimeout: {self._timeout}\\nReason: {reason}')\n>       raise TimeoutException(\n            message + f'\\n\\nTimeout: {self._timeout}\\nReason: {reason}',\n            screen,\n            stacktrace,\n        )\nE       selenium.common.exceptions.TimeoutException: Message: \nE       \nE       Timeout: 5.0\nE       Reason: no such element: Unable to locate element: {\"method\":\"css selector\",\"selector\":\"#rightClickMessage\"}\nE         (Session info: chrome=100.0.4896.60); For documentation on this error, please visit: https://www.selenium.dev/documentation/webdriver/troubleshooting/errors#no-such-element-exception\nE       Stacktrace:\nE       #0 0x562d7f850013 <unknown>\nE       #1 0x562d7f5b2a08 <unknown>\nE       #2 0x562d7f5e8fb6 <unknown>\nE       #3 0x562d7f5e9171 <unknown>\nE       #4 0x562d7f61bdd4 <unknown>\nE       #5 0x562d7f60695d <unknown>\nE       #6 0x562d7f619b94 <unknown>\nE       #7 0x562d7f606823 <unknown>\nE       #8 0x562d7f5dc08a <unknown>\nE       #9 0x562d7f5dd1e5 <unknown>\nE       #10 0x562d7f87de5d <unknown>\nE       #11 0x562d7f897061 <unknown>\nE       #12 0x562d7f87fbb5 <unknown>\nE       #13 0x562d7f897e08 <unknown>\nE       #14 0x562d7f8732f0 <unknown>\nE       #15 0x562d7f8b3988 <unknown>\nE       #16 0x562d7f8b3b08 <unknown>\nE       #17 0x562d7f8cd5dd <unknown>\nE       #18 0x7fc58f997609 <unknown>\n\nselenopiv/wait.py:43: TimeoutException","flaky":false,"newFailed":false,"newBroken":true,"newPassed":false,"retriesCount":0,"retriesStatusChange":false,"beforeStages":[{"name":"browser","time":{"start":1708120584275,"stop":1708120592462,"duration":8187},"status":"passed","steps":[],"attachments":[],"parameters":[],"shouldDisplayMessage":false,"stepsCount":0,"attachmentsCount":0,"hasContent":false,"attachmentStep":false}],"testStage":{"status":"broken","statusMessage":"selenium.common.exceptions.TimeoutException: Message: \n\nTimeout: 5.0\nReason: no such element: Unable to locate element: {\"method\":\"css selector\",\"selector\":\"#rightClickMessage\"}\n  (Session info: chrome=100.0.4896.60); For documentation on this error, please visit: https://www.selenium.dev/documentation/webdriver/troubleshooting/errors#no-such-element-exception\nStacktrace:\n#0 0x562d7f850013 <unknown>\n#1 0x562d7f5b2a08 <unknown>\n#2 0x562d7f5e8fb6 <unknown>\n#3 0x562d7f5e9171 <unknown>\n#4 0x562d7f61bdd4 <unknown>\n#5 0x562d7f60695d <unknown>\n#6 0x562d7f619b94 <unknown>\n#7 0x562d7f606823 <unknown>\n#8 0x562d7f5dc08a <unknown>\n#9 0x562d7f5dd1e5 <unknown>\n#10 0x562d7f87de5d <unknown>\n#11 0x562d7f897061 <unknown>\n#12 0x562d7f87fbb5 <unknown>\n#13 0x562d7f897e08 <unknown>\n#14 0x562d7f8732f0 <unknown>\n#15 0x562d7f8b3988 <unknown>\n#16 0x562d7f8b3b08 <unknown>\n#17 0x562d7f8cd5dd <unknown>\n#18 0x7fc58f997609 <unknown>","statusTrace":"browser = <selenopiv.core.Browser object at 0x7f79b7e5a550>\n\n    def test_right_click_btn(browser):\n        # GIVEN\n        page = ButtonsPage(browser)\n        page.open_buttons_form()\n    \n        # WHEN\n        page.activate_right_click_btn()\n    \n        # THEN\n>       page.should_be_visible(page.right_click_msg)\n\ntests/test_buttons.py:26: \n_ _ _ _ _ _ _ _ _ _ _ _ _ _ _ _ _ _ _ _ _ _ _ _ _ _ _ _ _ _ _ _ _ _ _ _ _ _ _ _ \ndemoqa_test_with_selenopiv_framework/pages/buttons_page.py:39: in should_be_visible\n    element.should_be_visible()\nselenopiv/core.py:170: in should_be_visible\n    self.wait.until(condition)\n_ _ _ _ _ _ _ _ _ _ _ _ _ _ _ _ _ _ _ _ _ _ _ _ _ _ _ _ _ _ _ _ _ _ _ _ _ _ _ _ \n\nself = <selenopiv.wait.CustomWait (session=\"56cd00bca0e678e880e1a065ac6cef1e\")>\nmethod = <function Element.should_be_visible.<locals>.condition at 0x7f79b8099080>\nmessage = ''\n\n    def until(\n        self, method: Callable[[D], Union[Literal[False], T]], message: str = \"\"\n    ) -> T:\n        \"\"\"Calls the method provided with the driver as an argument until the \\\n        return value does not evaluate to ``False``.\n    \n        :param method: callable(WebDriver)\n        :param message: optional message for :exc:`TimeoutException`\n        :returns: the result of the last call to `method`\n        :raises: :exc:`selenium.common.exceptions.TimeoutException` if timeout occurs\n        \"\"\"\n        screen = None\n        stacktrace = None\n        reason = None\n        is_err = False\n    \n        end_time = time.monotonic() + self._timeout\n        while True:\n            try:\n                value = method(self._driver)\n                if value:\n                    return value\n            except self._ignored_exceptions as exc:\n                screen = getattr(exc, \"screen\", None)\n                stacktrace = getattr(exc, \"stacktrace\", None)\n                reason = getattr(exc, 'msg', None)\n            except AssertionError as err:\n                is_err = True\n                reason = err.args[0]\n            time.sleep(self._poll)\n            if time.monotonic() > end_time:\n                break\n        if is_err:\n            raise AssertionError(f'\\n\\nTimeout: {self._timeout}\\nReason: {reason}')\n>       raise TimeoutException(\n            message + f'\\n\\nTimeout: {self._timeout}\\nReason: {reason}',\n            screen,\n            stacktrace,\n        )\nE       selenium.common.exceptions.TimeoutException: Message: \nE       \nE       Timeout: 5.0\nE       Reason: no such element: Unable to locate element: {\"method\":\"css selector\",\"selector\":\"#rightClickMessage\"}\nE         (Session info: chrome=100.0.4896.60); For documentation on this error, please visit: https://www.selenium.dev/documentation/webdriver/troubleshooting/errors#no-such-element-exception\nE       Stacktrace:\nE       #0 0x562d7f850013 <unknown>\nE       #1 0x562d7f5b2a08 <unknown>\nE       #2 0x562d7f5e8fb6 <unknown>\nE       #3 0x562d7f5e9171 <unknown>\nE       #4 0x562d7f61bdd4 <unknown>\nE       #5 0x562d7f60695d <unknown>\nE       #6 0x562d7f619b94 <unknown>\nE       #7 0x562d7f606823 <unknown>\nE       #8 0x562d7f5dc08a <unknown>\nE       #9 0x562d7f5dd1e5 <unknown>\nE       #10 0x562d7f87de5d <unknown>\nE       #11 0x562d7f897061 <unknown>\nE       #12 0x562d7f87fbb5 <unknown>\nE       #13 0x562d7f897e08 <unknown>\nE       #14 0x562d7f8732f0 <unknown>\nE       #15 0x562d7f8b3988 <unknown>\nE       #16 0x562d7f8b3b08 <unknown>\nE       #17 0x562d7f8cd5dd <unknown>\nE       #18 0x7fc58f997609 <unknown>\n\nselenopiv/wait.py:43: TimeoutException","steps":[{"name":"Открываем форму с кнопками","time":{"start":1708120592463,"stop":1708120594885,"duration":2422},"status":"passed","steps":[],"attachments":[],"parameters":[],"shouldDisplayMessage":false,"stepsCount":0,"attachmentsCount":0,"hasContent":false,"attachmentStep":false},{"name":"Выполняем Right click","time":{"start":1708120594885,"stop":1708120595498,"duration":613},"status":"passed","steps":[],"attachments":[],"parameters":[],"shouldDisplayMessage":false,"stepsCount":0,"attachmentsCount":0,"hasContent":false,"attachmentStep":false},{"name":"Проверяем видимость элемента <selenopiv.core.Element object at 0x7f79b7e589d0>","time":{"start":1708120595498,"stop":1708120600832,"duration":5334},"status":"broken","statusMessage":"selenium.common.exceptions.TimeoutException: Message: \n\nTimeout: 5.0\nReason: no such element: Unable to locate element: {\"method\":\"css selector\",\"selector\":\"#rightClickMessage\"}\n  (Session info: chrome=100.0.4896.60); For documentation on this error, please visit: https://www.selenium.dev/documentation/webdriver/troubleshooting/errors#no-such-element-exception\nStacktrace:\n#0 0x562d7f850013 <unknown>\n#1 0x562d7f5b2a08 <unknown>\n#2 0x562d7f5e8fb6 <unknown>\n#3 0x562d7f5e9171 <unknown>\n#4 0x562d7f61bdd4 <unknown>\n#5 0x562d7f60695d <unknown>\n#6 0x562d7f619b94 <unknown>\n#7 0x562d7f606823 <unknown>\n#8 0x562d7f5dc08a <unknown>\n#9 0x562d7f5dd1e5 <unknown>\n#10 0x562d7f87de5d <unknown>\n#11 0x562d7f897061 <unknown>\n#12 0x562d7f87fbb5 <unknown>\n#13 0x562d7f897e08 <unknown>\n#14 0x562d7f8732f0 <unknown>\n#15 0x562d7f8b3988 <unknown>\n#16 0x562d7f8b3b08 <unknown>\n#17 0x562d7f8cd5dd <unknown>\n#18 0x7fc58f997609 <unknown>\n\n","statusTrace":"  File \"/opt/hostedtoolcache/Python/3.11.8/x64/lib/python3.11/site-packages/allure_commons/_allure.py\", line 192, in impl\n    return func(*a, **kw)\n           ^^^^^^^^^^^^^^\n  File \"/home/runner/work/demoqa-test-with-selenopiv-framework/demoqa-test-with-selenopiv-framework/demoqa_test_with_selenopiv_framework/pages/buttons_page.py\", line 39, in should_be_visible\n    element.should_be_visible()\n  File \"/home/runner/work/demoqa-test-with-selenopiv-framework/demoqa-test-with-selenopiv-framework/selenopiv/core.py\", line 170, in should_be_visible\n    self.wait.until(condition)\n  File \"/home/runner/work/demoqa-test-with-selenopiv-framework/demoqa-test-with-selenopiv-framework/selenopiv/wait.py\", line 43, in until\n    raise TimeoutException(\n","steps":[],"attachments":[],"parameters":[{"name":"element","value":"<selenopiv.core.Element object at 0x7f79b7e589d0>"}],"shouldDisplayMessage":true,"stepsCount":0,"attachmentsCount":0,"hasContent":true,"attachmentStep":false}],"attachments":[],"parameters":[],"shouldDisplayMessage":true,"stepsCount":3,"attachmentsCount":0,"hasContent":true,"attachmentStep":false},"afterStages":[{"name":"browser::0","time":{"start":1708120600839,"stop":1708120602520,"duration":1681},"status":"passed","steps":[],"attachments":[{"uid":"fb859a1f161bdeb3","name":"screenshot","source":"fb859a1f161bdeb3.png","type":"image/png","size":217305},{"uid":"3fb6545d8d2e51f2","name":"browser_logs","source":"3fb6545d8d2e51f2.txt","type":"text/plain","size":181},{"uid":"7728cda969c52452","name":"page_source","source":"7728cda969c52452.html","type":"text/html","size":499071},{"uid":"a4f3c8e4d0d73140","name":"video_56cd00bca0e678e880e1a065ac6cef1e","source":"a4f3c8e4d0d73140.html","type":"text/html","size":193}],"parameters":[],"shouldDisplayMessage":false,"stepsCount":0,"attachmentsCount":4,"hasContent":true,"attachmentStep":false}],"labels":[{"name":"parentSuite","value":"tests"},{"name":"suite","value":"test_buttons"},{"name":"host","value":"fv-az1110-781"},{"name":"thread","value":"2212-MainThread"},{"name":"framework","value":"pytest"},{"name":"language","value":"cpython3"},{"name":"package","value":"tests.test_buttons"},{"name":"resultFormat","value":"allure2"}],"parameters":[],"links":[],"hidden":false,"retry":false,"extra":{"severity":"normal","retries":[],"categories":[{"name":"Test defects","matchedStatuses":[],"flaky":false}],"history":{"statistic":{"failed":0,"broken":1,"skipped":0,"passed":2,"unknown":0,"total":3},"items":[{"uid":"c255ea7ce34ea8aa","reportUrl":"https://ponomarev-iv1986.github.io/demoqa-test-with-selenopiv-framework/22//#testresult/c255ea7ce34ea8aa","status":"passed","time":{"start":1706445082867,"stop":1706445086771,"duration":3904}},{"uid":"bf2675985593fd66","reportUrl":"https://ponomarev-iv1986.github.io/demoqa-test-with-selenopiv-framework/21//#testresult/bf2675985593fd66","status":"passed","time":{"start":1706444831316,"stop":1706444834991,"duration":3675}}]},"tags":[]},"source":"412b6dd03682f909.json","parameterValues":[]}