{"uid":"76ba49fdf9fb020c","name":"test_login_with_text_box","fullName":"tests.test_text_box#test_login_with_text_box","historyId":"ecd3c7d76cb65b6d0ee33cfd37313a1a","time":{"start":1708120673411,"stop":1708120680812,"duration":7401},"status":"broken","statusMessage":"selenium.common.exceptions.TimeoutException: Message: \n\nTimeout: 5.0\nReason: element not interactable\n  (Session info: chrome=100.0.4896.60)\nStacktrace:\n#0 0x556215af8013 <unknown>\n#1 0x55621585a89f <unknown>\n#2 0x55621588b41e <unknown>\n#3 0x55621588aa10 <unknown>\n#4 0x5562158ae932 <unknown>\n#5 0x5562158856d3 <unknown>\n#6 0x5562158aea3e <unknown>\n#7 0x5562158c1b94 <unknown>\n#8 0x5562158ae823 <unknown>\n#9 0x55621588408a <unknown>\n#10 0x5562158851e5 <unknown>\n#11 0x556215b25e5d <unknown>\n#12 0x556215b3f061 <unknown>\n#13 0x556215b27bb5 <unknown>\n#14 0x556215b3fe08 <unknown>\n#15 0x556215b1b2f0 <unknown>\n#16 0x556215b5b988 <unknown>\n#17 0x556215b5bb08 <unknown>\n#18 0x556215b755dd <unknown>\n#19 0x7fdc3165c609 <unknown>","statusTrace":"browser = <selenopiv.core.Browser object at 0x7f79b80a0690>\n\n    def test_login_with_text_box(browser):\n        # GIVEN\n        page = TextBoxPage(browser)\n        page.open_text_box_form()\n    \n        # WHEN\n>       page.fill_full_name('Bill Gates')\n\ntests/test_text_box.py:23: \n_ _ _ _ _ _ _ _ _ _ _ _ _ _ _ _ _ _ _ _ _ _ _ _ _ _ _ _ _ _ _ _ _ _ _ _ _ _ _ _ \ndemoqa_test_with_selenopiv_framework/pages/text_box_page.py:25: in fill_full_name\n    self.full_name.type(value)\nselenopiv/core.py:63: in type\n    self.wait.until(command)\n_ _ _ _ _ _ _ _ _ _ _ _ _ _ _ _ _ _ _ _ _ _ _ _ _ _ _ _ _ _ _ _ _ _ _ _ _ _ _ _ \n\nself = <selenopiv.wait.CustomWait (session=\"cd1dcb90221c3692d95c8657d1bd4b94\")>\nmethod = <function Element.type.<locals>.command at 0x7f79b8020360>\nmessage = ''\n\n    def until(\n        self, method: Callable[[D], Union[Literal[False], T]], message: str = \"\"\n    ) -> T:\n        \"\"\"Calls the method provided with the driver as an argument until the \\\n        return value does not evaluate to ``False``.\n    \n        :param method: callable(WebDriver)\n        :param message: optional message for :exc:`TimeoutException`\n        :returns: the result of the last call to `method`\n        :raises: :exc:`selenium.common.exceptions.TimeoutException` if timeout occurs\n        \"\"\"\n        screen = None\n        stacktrace = None\n        reason = None\n        is_err = False\n    \n        end_time = time.monotonic() + self._timeout\n        while True:\n            try:\n                value = method(self._driver)\n                if value:\n                    return value\n            except self._ignored_exceptions as exc:\n                screen = getattr(exc, \"screen\", None)\n                stacktrace = getattr(exc, \"stacktrace\", None)\n                reason = getattr(exc, 'msg', None)\n            except AssertionError as err:\n                is_err = True\n                reason = err.args[0]\n            time.sleep(self._poll)\n            if time.monotonic() > end_time:\n                break\n        if is_err:\n            raise AssertionError(f'\\n\\nTimeout: {self._timeout}\\nReason: {reason}')\n>       raise TimeoutException(\n            message + f'\\n\\nTimeout: {self._timeout}\\nReason: {reason}',\n            screen,\n            stacktrace,\n        )\nE       selenium.common.exceptions.TimeoutException: Message: \nE       \nE       Timeout: 5.0\nE       Reason: element not interactable\nE         (Session info: chrome=100.0.4896.60)\nE       Stacktrace:\nE       #0 0x556215af8013 <unknown>\nE       #1 0x55621585a89f <unknown>\nE       #2 0x55621588b41e <unknown>\nE       #3 0x55621588aa10 <unknown>\nE       #4 0x5562158ae932 <unknown>\nE       #5 0x5562158856d3 <unknown>\nE       #6 0x5562158aea3e <unknown>\nE       #7 0x5562158c1b94 <unknown>\nE       #8 0x5562158ae823 <unknown>\nE       #9 0x55621588408a <unknown>\nE       #10 0x5562158851e5 <unknown>\nE       #11 0x556215b25e5d <unknown>\nE       #12 0x556215b3f061 <unknown>\nE       #13 0x556215b27bb5 <unknown>\nE       #14 0x556215b3fe08 <unknown>\nE       #15 0x556215b1b2f0 <unknown>\nE       #16 0x556215b5b988 <unknown>\nE       #17 0x556215b5bb08 <unknown>\nE       #18 0x556215b755dd <unknown>\nE       #19 0x7fdc3165c609 <unknown>\n\nselenopiv/wait.py:43: TimeoutException","flaky":false,"newFailed":false,"newBroken":true,"newPassed":false,"retriesCount":0,"retriesStatusChange":false,"beforeStages":[{"name":"browser","time":{"start":1708120665051,"stop":1708120673410,"duration":8359},"status":"passed","steps":[],"attachments":[],"parameters":[],"shouldDisplayMessage":false,"stepsCount":0,"attachmentsCount":0,"hasContent":false,"attachmentStep":false}],"testStage":{"status":"broken","statusMessage":"selenium.common.exceptions.TimeoutException: Message: \n\nTimeout: 5.0\nReason: element not interactable\n  (Session info: chrome=100.0.4896.60)\nStacktrace:\n#0 0x556215af8013 <unknown>\n#1 0x55621585a89f <unknown>\n#2 0x55621588b41e <unknown>\n#3 0x55621588aa10 <unknown>\n#4 0x5562158ae932 <unknown>\n#5 0x5562158856d3 <unknown>\n#6 0x5562158aea3e <unknown>\n#7 0x5562158c1b94 <unknown>\n#8 0x5562158ae823 <unknown>\n#9 0x55621588408a <unknown>\n#10 0x5562158851e5 <unknown>\n#11 0x556215b25e5d <unknown>\n#12 0x556215b3f061 <unknown>\n#13 0x556215b27bb5 <unknown>\n#14 0x556215b3fe08 <unknown>\n#15 0x556215b1b2f0 <unknown>\n#16 0x556215b5b988 <unknown>\n#17 0x556215b5bb08 <unknown>\n#18 0x556215b755dd <unknown>\n#19 0x7fdc3165c609 <unknown>","statusTrace":"browser = <selenopiv.core.Browser object at 0x7f79b80a0690>\n\n    def test_login_with_text_box(browser):\n        # GIVEN\n        page = TextBoxPage(browser)\n        page.open_text_box_form()\n    \n        # WHEN\n>       page.fill_full_name('Bill Gates')\n\ntests/test_text_box.py:23: \n_ _ _ _ _ _ _ _ _ _ _ _ _ _ _ _ _ _ _ _ _ _ _ _ _ _ _ _ _ _ _ _ _ _ _ _ _ _ _ _ \ndemoqa_test_with_selenopiv_framework/pages/text_box_page.py:25: in fill_full_name\n    self.full_name.type(value)\nselenopiv/core.py:63: in type\n    self.wait.until(command)\n_ _ _ _ _ _ _ _ _ _ _ _ _ _ _ _ _ _ _ _ _ _ _ _ _ _ _ _ _ _ _ _ _ _ _ _ _ _ _ _ \n\nself = <selenopiv.wait.CustomWait (session=\"cd1dcb90221c3692d95c8657d1bd4b94\")>\nmethod = <function Element.type.<locals>.command at 0x7f79b8020360>\nmessage = ''\n\n    def until(\n        self, method: Callable[[D], Union[Literal[False], T]], message: str = \"\"\n    ) -> T:\n        \"\"\"Calls the method provided with the driver as an argument until the \\\n        return value does not evaluate to ``False``.\n    \n        :param method: callable(WebDriver)\n        :param message: optional message for :exc:`TimeoutException`\n        :returns: the result of the last call to `method`\n        :raises: :exc:`selenium.common.exceptions.TimeoutException` if timeout occurs\n        \"\"\"\n        screen = None\n        stacktrace = None\n        reason = None\n        is_err = False\n    \n        end_time = time.monotonic() + self._timeout\n        while True:\n            try:\n                value = method(self._driver)\n                if value:\n                    return value\n            except self._ignored_exceptions as exc:\n                screen = getattr(exc, \"screen\", None)\n                stacktrace = getattr(exc, \"stacktrace\", None)\n                reason = getattr(exc, 'msg', None)\n            except AssertionError as err:\n                is_err = True\n                reason = err.args[0]\n            time.sleep(self._poll)\n            if time.monotonic() > end_time:\n                break\n        if is_err:\n            raise AssertionError(f'\\n\\nTimeout: {self._timeout}\\nReason: {reason}')\n>       raise TimeoutException(\n            message + f'\\n\\nTimeout: {self._timeout}\\nReason: {reason}',\n            screen,\n            stacktrace,\n        )\nE       selenium.common.exceptions.TimeoutException: Message: \nE       \nE       Timeout: 5.0\nE       Reason: element not interactable\nE         (Session info: chrome=100.0.4896.60)\nE       Stacktrace:\nE       #0 0x556215af8013 <unknown>\nE       #1 0x55621585a89f <unknown>\nE       #2 0x55621588b41e <unknown>\nE       #3 0x55621588aa10 <unknown>\nE       #4 0x5562158ae932 <unknown>\nE       #5 0x5562158856d3 <unknown>\nE       #6 0x5562158aea3e <unknown>\nE       #7 0x5562158c1b94 <unknown>\nE       #8 0x5562158ae823 <unknown>\nE       #9 0x55621588408a <unknown>\nE       #10 0x5562158851e5 <unknown>\nE       #11 0x556215b25e5d <unknown>\nE       #12 0x556215b3f061 <unknown>\nE       #13 0x556215b27bb5 <unknown>\nE       #14 0x556215b3fe08 <unknown>\nE       #15 0x556215b1b2f0 <unknown>\nE       #16 0x556215b5b988 <unknown>\nE       #17 0x556215b5bb08 <unknown>\nE       #18 0x556215b755dd <unknown>\nE       #19 0x7fdc3165c609 <unknown>\n\nselenopiv/wait.py:43: TimeoutException","steps":[{"name":"Открываем форму регистрации","time":{"start":1708120673411,"stop":1708120675689,"duration":2278},"status":"passed","steps":[],"attachments":[],"parameters":[],"shouldDisplayMessage":false,"stepsCount":0,"attachmentsCount":0,"hasContent":false,"attachmentStep":false},{"name":"Заполняем поле Full Name","time":{"start":1708120675690,"stop":1708120680811,"duration":5121},"status":"broken","statusMessage":"selenium.common.exceptions.TimeoutException: Message: \n\nTimeout: 5.0\nReason: element not interactable\n  (Session info: chrome=100.0.4896.60)\nStacktrace:\n#0 0x556215af8013 <unknown>\n#1 0x55621585a89f <unknown>\n#2 0x55621588b41e <unknown>\n#3 0x55621588aa10 <unknown>\n#4 0x5562158ae932 <unknown>\n#5 0x5562158856d3 <unknown>\n#6 0x5562158aea3e <unknown>\n#7 0x5562158c1b94 <unknown>\n#8 0x5562158ae823 <unknown>\n#9 0x55621588408a <unknown>\n#10 0x5562158851e5 <unknown>\n#11 0x556215b25e5d <unknown>\n#12 0x556215b3f061 <unknown>\n#13 0x556215b27bb5 <unknown>\n#14 0x556215b3fe08 <unknown>\n#15 0x556215b1b2f0 <unknown>\n#16 0x556215b5b988 <unknown>\n#17 0x556215b5bb08 <unknown>\n#18 0x556215b755dd <unknown>\n#19 0x7fdc3165c609 <unknown>\n\n","statusTrace":"  File \"/opt/hostedtoolcache/Python/3.11.8/x64/lib/python3.11/site-packages/allure_commons/_allure.py\", line 192, in impl\n    return func(*a, **kw)\n           ^^^^^^^^^^^^^^\n  File \"/home/runner/work/demoqa-test-with-selenopiv-framework/demoqa-test-with-selenopiv-framework/demoqa_test_with_selenopiv_framework/pages/text_box_page.py\", line 25, in fill_full_name\n    self.full_name.type(value)\n  File \"/home/runner/work/demoqa-test-with-selenopiv-framework/demoqa-test-with-selenopiv-framework/selenopiv/core.py\", line 63, in type\n    self.wait.until(command)\n  File \"/home/runner/work/demoqa-test-with-selenopiv-framework/demoqa-test-with-selenopiv-framework/selenopiv/wait.py\", line 43, in until\n    raise TimeoutException(\n","steps":[],"attachments":[],"parameters":[{"name":"value","value":"'Bill Gates'"}],"shouldDisplayMessage":true,"stepsCount":0,"attachmentsCount":0,"hasContent":true,"attachmentStep":false}],"attachments":[],"parameters":[],"shouldDisplayMessage":true,"stepsCount":2,"attachmentsCount":0,"hasContent":true,"attachmentStep":false},"afterStages":[{"name":"browser::0","time":{"start":1708120680818,"stop":1708120682509,"duration":1691},"status":"passed","steps":[],"attachments":[{"uid":"f357e671beb6fbb6","name":"screenshot","source":"f357e671beb6fbb6.png","type":"image/png","size":221774},{"uid":"8ef53037e5376aaa","name":"browser_logs","source":"8ef53037e5376aaa.txt","type":"text/plain","size":181},{"uid":"c5b1119cb03b3bcd","name":"page_source","source":"c5b1119cb03b3bcd.html","type":"text/html","size":500152},{"uid":"6c3182e39d5a2a4c","name":"video_cd1dcb90221c3692d95c8657d1bd4b94","source":"6c3182e39d5a2a4c.html","type":"text/html","size":193}],"parameters":[],"shouldDisplayMessage":false,"stepsCount":0,"attachmentsCount":4,"hasContent":true,"attachmentStep":false}],"labels":[{"name":"parentSuite","value":"tests"},{"name":"suite","value":"test_text_box"},{"name":"host","value":"fv-az1110-781"},{"name":"thread","value":"2212-MainThread"},{"name":"framework","value":"pytest"},{"name":"language","value":"cpython3"},{"name":"package","value":"tests.test_text_box"},{"name":"resultFormat","value":"allure2"}],"parameters":[],"links":[],"hidden":false,"retry":false,"extra":{"severity":"normal","retries":[],"categories":[{"name":"Test defects","matchedStatuses":[],"flaky":false}],"history":{"statistic":{"failed":0,"broken":1,"skipped":0,"passed":4,"unknown":0,"total":5},"items":[{"uid":"ce55c9d0eb072233","reportUrl":"https://ponomarev-iv1986.github.io/demoqa-test-with-selenopiv-framework/22//#testresult/ce55c9d0eb072233","status":"passed","time":{"start":1706445177025,"stop":1706445182322,"duration":5297}},{"uid":"6f12d932ca4ff648","reportUrl":"https://ponomarev-iv1986.github.io/demoqa-test-with-selenopiv-framework/21//#testresult/6f12d932ca4ff648","status":"passed","time":{"start":1706444903433,"stop":1706444908247,"duration":4814}},{"uid":"fb5397b15fe15c3d","reportUrl":"https://ponomarev-iv1986.github.io/demoqa-test-with-selenopiv-framework/20//#testresult/fb5397b15fe15c3d","status":"passed","time":{"start":1705862075284,"stop":1705862080837,"duration":5553}},{"uid":"ad7e3a1bf0ae6f73","reportUrl":"https://ponomarev-iv1986.github.io/demoqa-test-with-selenopiv-framework/19//#testresult/ad7e3a1bf0ae6f73","status":"passed","time":{"start":1705847758780,"stop":1705847768668,"duration":9888}}]},"tags":[]},"source":"76ba49fdf9fb020c.json","parameterValues":[]}