{"uid":"87e121d73cd54361","name":"test_double_click_btn","fullName":"tests.test_buttons#test_double_click_btn","historyId":"e9cdb57e9492e2927d884b01d9f098c3","time":{"start":1708120574196,"stop":1708120582581,"duration":8385},"status":"broken","statusMessage":"selenium.common.exceptions.TimeoutException: Message: \n\nTimeout: 5.0\nReason: no such element: Unable to locate element: {\"method\":\"css selector\",\"selector\":\"#doubleClickMessage\"}\n  (Session info: chrome=100.0.4896.60); For documentation on this error, please visit: https://www.selenium.dev/documentation/webdriver/troubleshooting/errors#no-such-element-exception\nStacktrace:\n#0 0x555f5f603013 <unknown>\n#1 0x555f5f365a08 <unknown>\n#2 0x555f5f39bfb6 <unknown>\n#3 0x555f5f39c171 <unknown>\n#4 0x555f5f3cedd4 <unknown>\n#5 0x555f5f3b995d <unknown>\n#6 0x555f5f3ccb94 <unknown>\n#7 0x555f5f3b9823 <unknown>\n#8 0x555f5f38f08a <unknown>\n#9 0x555f5f3901e5 <unknown>\n#10 0x555f5f630e5d <unknown>\n#11 0x555f5f64a061 <unknown>\n#12 0x555f5f632bb5 <unknown>\n#13 0x555f5f64ae08 <unknown>\n#14 0x555f5f6262f0 <unknown>\n#15 0x555f5f666988 <unknown>\n#16 0x555f5f666b08 <unknown>\n#17 0x555f5f6805dd <unknown>\n#18 0x7f8285ec9609 <unknown>","statusTrace":"browser = <selenopiv.core.Browser object at 0x7f79b80a8f10>\n\n    def test_double_click_btn(browser):\n        # GIVEN\n        page = ButtonsPage(browser)\n        page.open_buttons_form()\n    \n        # WHEN\n        page.activate_double_click_btn()\n    \n        # THEN\n>       page.should_be_visible(page.double_click_msg)\n\ntests/test_buttons.py:13: \n_ _ _ _ _ _ _ _ _ _ _ _ _ _ _ _ _ _ _ _ _ _ _ _ _ _ _ _ _ _ _ _ _ _ _ _ _ _ _ _ \ndemoqa_test_with_selenopiv_framework/pages/buttons_page.py:39: in should_be_visible\n    element.should_be_visible()\nselenopiv/core.py:170: in should_be_visible\n    self.wait.until(condition)\n_ _ _ _ _ _ _ _ _ _ _ _ _ _ _ _ _ _ _ _ _ _ _ _ _ _ _ _ _ _ _ _ _ _ _ _ _ _ _ _ \n\nself = <selenopiv.wait.CustomWait (session=\"4c7f2b1f59ec71e566e57f2ff3bc42ef\")>\nmethod = <function Element.should_be_visible.<locals>.condition at 0x7f79b803a480>\nmessage = ''\n\n    def until(\n        self, method: Callable[[D], Union[Literal[False], T]], message: str = \"\"\n    ) -> T:\n        \"\"\"Calls the method provided with the driver as an argument until the \\\n        return value does not evaluate to ``False``.\n    \n        :param method: callable(WebDriver)\n        :param message: optional message for :exc:`TimeoutException`\n        :returns: the result of the last call to `method`\n        :raises: :exc:`selenium.common.exceptions.TimeoutException` if timeout occurs\n        \"\"\"\n        screen = None\n        stacktrace = None\n        reason = None\n        is_err = False\n    \n        end_time = time.monotonic() + self._timeout\n        while True:\n            try:\n                value = method(self._driver)\n                if value:\n                    return value\n            except self._ignored_exceptions as exc:\n                screen = getattr(exc, \"screen\", None)\n                stacktrace = getattr(exc, \"stacktrace\", None)\n                reason = getattr(exc, 'msg', None)\n            except AssertionError as err:\n                is_err = True\n                reason = err.args[0]\n            time.sleep(self._poll)\n            if time.monotonic() > end_time:\n                break\n        if is_err:\n            raise AssertionError(f'\\n\\nTimeout: {self._timeout}\\nReason: {reason}')\n>       raise TimeoutException(\n            message + f'\\n\\nTimeout: {self._timeout}\\nReason: {reason}',\n            screen,\n            stacktrace,\n        )\nE       selenium.common.exceptions.TimeoutException: Message: \nE       \nE       Timeout: 5.0\nE       Reason: no such element: Unable to locate element: {\"method\":\"css selector\",\"selector\":\"#doubleClickMessage\"}\nE         (Session info: chrome=100.0.4896.60); For documentation on this error, please visit: https://www.selenium.dev/documentation/webdriver/troubleshooting/errors#no-such-element-exception\nE       Stacktrace:\nE       #0 0x555f5f603013 <unknown>\nE       #1 0x555f5f365a08 <unknown>\nE       #2 0x555f5f39bfb6 <unknown>\nE       #3 0x555f5f39c171 <unknown>\nE       #4 0x555f5f3cedd4 <unknown>\nE       #5 0x555f5f3b995d <unknown>\nE       #6 0x555f5f3ccb94 <unknown>\nE       #7 0x555f5f3b9823 <unknown>\nE       #8 0x555f5f38f08a <unknown>\nE       #9 0x555f5f3901e5 <unknown>\nE       #10 0x555f5f630e5d <unknown>\nE       #11 0x555f5f64a061 <unknown>\nE       #12 0x555f5f632bb5 <unknown>\nE       #13 0x555f5f64ae08 <unknown>\nE       #14 0x555f5f6262f0 <unknown>\nE       #15 0x555f5f666988 <unknown>\nE       #16 0x555f5f666b08 <unknown>\nE       #17 0x555f5f6805dd <unknown>\nE       #18 0x7f8285ec9609 <unknown>\n\nselenopiv/wait.py:43: TimeoutException","flaky":false,"newFailed":false,"newBroken":true,"newPassed":false,"retriesCount":0,"retriesStatusChange":false,"beforeStages":[{"name":"browser","time":{"start":1708120567243,"stop":1708120574195,"duration":6952},"status":"passed","steps":[],"attachments":[],"parameters":[],"shouldDisplayMessage":false,"stepsCount":0,"attachmentsCount":0,"hasContent":false,"attachmentStep":false}],"testStage":{"status":"broken","statusMessage":"selenium.common.exceptions.TimeoutException: Message: \n\nTimeout: 5.0\nReason: no such element: Unable to locate element: {\"method\":\"css selector\",\"selector\":\"#doubleClickMessage\"}\n  (Session info: chrome=100.0.4896.60); For documentation on this error, please visit: https://www.selenium.dev/documentation/webdriver/troubleshooting/errors#no-such-element-exception\nStacktrace:\n#0 0x555f5f603013 <unknown>\n#1 0x555f5f365a08 <unknown>\n#2 0x555f5f39bfb6 <unknown>\n#3 0x555f5f39c171 <unknown>\n#4 0x555f5f3cedd4 <unknown>\n#5 0x555f5f3b995d <unknown>\n#6 0x555f5f3ccb94 <unknown>\n#7 0x555f5f3b9823 <unknown>\n#8 0x555f5f38f08a <unknown>\n#9 0x555f5f3901e5 <unknown>\n#10 0x555f5f630e5d <unknown>\n#11 0x555f5f64a061 <unknown>\n#12 0x555f5f632bb5 <unknown>\n#13 0x555f5f64ae08 <unknown>\n#14 0x555f5f6262f0 <unknown>\n#15 0x555f5f666988 <unknown>\n#16 0x555f5f666b08 <unknown>\n#17 0x555f5f6805dd <unknown>\n#18 0x7f8285ec9609 <unknown>","statusTrace":"browser = <selenopiv.core.Browser object at 0x7f79b80a8f10>\n\n    def test_double_click_btn(browser):\n        # GIVEN\n        page = ButtonsPage(browser)\n        page.open_buttons_form()\n    \n        # WHEN\n        page.activate_double_click_btn()\n    \n        # THEN\n>       page.should_be_visible(page.double_click_msg)\n\ntests/test_buttons.py:13: \n_ _ _ _ _ _ _ _ _ _ _ _ _ _ _ _ _ _ _ _ _ _ _ _ _ _ _ _ _ _ _ _ _ _ _ _ _ _ _ _ \ndemoqa_test_with_selenopiv_framework/pages/buttons_page.py:39: in should_be_visible\n    element.should_be_visible()\nselenopiv/core.py:170: in should_be_visible\n    self.wait.until(condition)\n_ _ _ _ _ _ _ _ _ _ _ _ _ _ _ _ _ _ _ _ _ _ _ _ _ _ _ _ _ _ _ _ _ _ _ _ _ _ _ _ \n\nself = <selenopiv.wait.CustomWait (session=\"4c7f2b1f59ec71e566e57f2ff3bc42ef\")>\nmethod = <function Element.should_be_visible.<locals>.condition at 0x7f79b803a480>\nmessage = ''\n\n    def until(\n        self, method: Callable[[D], Union[Literal[False], T]], message: str = \"\"\n    ) -> T:\n        \"\"\"Calls the method provided with the driver as an argument until the \\\n        return value does not evaluate to ``False``.\n    \n        :param method: callable(WebDriver)\n        :param message: optional message for :exc:`TimeoutException`\n        :returns: the result of the last call to `method`\n        :raises: :exc:`selenium.common.exceptions.TimeoutException` if timeout occurs\n        \"\"\"\n        screen = None\n        stacktrace = None\n        reason = None\n        is_err = False\n    \n        end_time = time.monotonic() + self._timeout\n        while True:\n            try:\n                value = method(self._driver)\n                if value:\n                    return value\n            except self._ignored_exceptions as exc:\n                screen = getattr(exc, \"screen\", None)\n                stacktrace = getattr(exc, \"stacktrace\", None)\n                reason = getattr(exc, 'msg', None)\n            except AssertionError as err:\n                is_err = True\n                reason = err.args[0]\n            time.sleep(self._poll)\n            if time.monotonic() > end_time:\n                break\n        if is_err:\n            raise AssertionError(f'\\n\\nTimeout: {self._timeout}\\nReason: {reason}')\n>       raise TimeoutException(\n            message + f'\\n\\nTimeout: {self._timeout}\\nReason: {reason}',\n            screen,\n            stacktrace,\n        )\nE       selenium.common.exceptions.TimeoutException: Message: \nE       \nE       Timeout: 5.0\nE       Reason: no such element: Unable to locate element: {\"method\":\"css selector\",\"selector\":\"#doubleClickMessage\"}\nE         (Session info: chrome=100.0.4896.60); For documentation on this error, please visit: https://www.selenium.dev/documentation/webdriver/troubleshooting/errors#no-such-element-exception\nE       Stacktrace:\nE       #0 0x555f5f603013 <unknown>\nE       #1 0x555f5f365a08 <unknown>\nE       #2 0x555f5f39bfb6 <unknown>\nE       #3 0x555f5f39c171 <unknown>\nE       #4 0x555f5f3cedd4 <unknown>\nE       #5 0x555f5f3b995d <unknown>\nE       #6 0x555f5f3ccb94 <unknown>\nE       #7 0x555f5f3b9823 <unknown>\nE       #8 0x555f5f38f08a <unknown>\nE       #9 0x555f5f3901e5 <unknown>\nE       #10 0x555f5f630e5d <unknown>\nE       #11 0x555f5f64a061 <unknown>\nE       #12 0x555f5f632bb5 <unknown>\nE       #13 0x555f5f64ae08 <unknown>\nE       #14 0x555f5f6262f0 <unknown>\nE       #15 0x555f5f666988 <unknown>\nE       #16 0x555f5f666b08 <unknown>\nE       #17 0x555f5f6805dd <unknown>\nE       #18 0x7f8285ec9609 <unknown>\n\nselenopiv/wait.py:43: TimeoutException","steps":[{"name":"Открываем форму с кнопками","time":{"start":1708120574196,"stop":1708120576636,"duration":2440},"status":"passed","steps":[],"attachments":[],"parameters":[],"shouldDisplayMessage":false,"stepsCount":0,"attachmentsCount":0,"hasContent":false,"attachmentStep":false},{"name":"Выполняем Double click","time":{"start":1708120576636,"stop":1708120577245,"duration":609},"status":"passed","steps":[],"attachments":[],"parameters":[],"shouldDisplayMessage":false,"stepsCount":0,"attachmentsCount":0,"hasContent":false,"attachmentStep":false},{"name":"Проверяем видимость элемента <selenopiv.core.Element object at 0x7f79b7e96d90>","time":{"start":1708120577246,"stop":1708120582579,"duration":5333},"status":"broken","statusMessage":"selenium.common.exceptions.TimeoutException: Message: \n\nTimeout: 5.0\nReason: no such element: Unable to locate element: {\"method\":\"css selector\",\"selector\":\"#doubleClickMessage\"}\n  (Session info: chrome=100.0.4896.60); For documentation on this error, please visit: https://www.selenium.dev/documentation/webdriver/troubleshooting/errors#no-such-element-exception\nStacktrace:\n#0 0x555f5f603013 <unknown>\n#1 0x555f5f365a08 <unknown>\n#2 0x555f5f39bfb6 <unknown>\n#3 0x555f5f39c171 <unknown>\n#4 0x555f5f3cedd4 <unknown>\n#5 0x555f5f3b995d <unknown>\n#6 0x555f5f3ccb94 <unknown>\n#7 0x555f5f3b9823 <unknown>\n#8 0x555f5f38f08a <unknown>\n#9 0x555f5f3901e5 <unknown>\n#10 0x555f5f630e5d <unknown>\n#11 0x555f5f64a061 <unknown>\n#12 0x555f5f632bb5 <unknown>\n#13 0x555f5f64ae08 <unknown>\n#14 0x555f5f6262f0 <unknown>\n#15 0x555f5f666988 <unknown>\n#16 0x555f5f666b08 <unknown>\n#17 0x555f5f6805dd <unknown>\n#18 0x7f8285ec9609 <unknown>\n\n","statusTrace":"  File \"/opt/hostedtoolcache/Python/3.11.8/x64/lib/python3.11/site-packages/allure_commons/_allure.py\", line 192, in impl\n    return func(*a, **kw)\n           ^^^^^^^^^^^^^^\n  File \"/home/runner/work/demoqa-test-with-selenopiv-framework/demoqa-test-with-selenopiv-framework/demoqa_test_with_selenopiv_framework/pages/buttons_page.py\", line 39, in should_be_visible\n    element.should_be_visible()\n  File \"/home/runner/work/demoqa-test-with-selenopiv-framework/demoqa-test-with-selenopiv-framework/selenopiv/core.py\", line 170, in should_be_visible\n    self.wait.until(condition)\n  File \"/home/runner/work/demoqa-test-with-selenopiv-framework/demoqa-test-with-selenopiv-framework/selenopiv/wait.py\", line 43, in until\n    raise TimeoutException(\n","steps":[],"attachments":[],"parameters":[{"name":"element","value":"<selenopiv.core.Element object at 0x7f79b7e96d90>"}],"shouldDisplayMessage":true,"stepsCount":0,"attachmentsCount":0,"hasContent":true,"attachmentStep":false}],"attachments":[],"parameters":[],"shouldDisplayMessage":true,"stepsCount":3,"attachmentsCount":0,"hasContent":true,"attachmentStep":false},"afterStages":[{"name":"browser::0","time":{"start":1708120582614,"stop":1708120584274,"duration":1660},"status":"passed","steps":[],"attachments":[{"uid":"cc543506ba1502b","name":"screenshot","source":"cc543506ba1502b.png","type":"image/png","size":217305},{"uid":"bc57d49ccbaf83c3","name":"browser_logs","source":"bc57d49ccbaf83c3.txt","type":"text/plain","size":181},{"uid":"4da8a84b1d62aa37","name":"page_source","source":"4da8a84b1d62aa37.html","type":"text/html","size":499188},{"uid":"15815cd4daa6511e","name":"video_4c7f2b1f59ec71e566e57f2ff3bc42ef","source":"15815cd4daa6511e.html","type":"text/html","size":193}],"parameters":[],"shouldDisplayMessage":false,"stepsCount":0,"attachmentsCount":4,"hasContent":true,"attachmentStep":false}],"labels":[{"name":"parentSuite","value":"tests"},{"name":"suite","value":"test_buttons"},{"name":"host","value":"fv-az1110-781"},{"name":"thread","value":"2212-MainThread"},{"name":"framework","value":"pytest"},{"name":"language","value":"cpython3"},{"name":"package","value":"tests.test_buttons"},{"name":"resultFormat","value":"allure2"}],"parameters":[],"links":[],"hidden":false,"retry":false,"extra":{"severity":"normal","retries":[],"categories":[{"name":"Test defects","matchedStatuses":[],"flaky":false}],"history":{"statistic":{"failed":0,"broken":1,"skipped":0,"passed":2,"unknown":0,"total":3},"items":[{"uid":"40f93d0e1af9cd29","reportUrl":"https://ponomarev-iv1986.github.io/demoqa-test-with-selenopiv-framework/22//#testresult/40f93d0e1af9cd29","status":"passed","time":{"start":1706445069048,"stop":1706445072730,"duration":3682}},{"uid":"c0b5b7b6970902dc","reportUrl":"https://ponomarev-iv1986.github.io/demoqa-test-with-selenopiv-framework/21//#testresult/c0b5b7b6970902dc","status":"passed","time":{"start":1706444816437,"stop":1706444820314,"duration":3877}}]},"tags":[]},"source":"87e121d73cd54361.json","parameterValues":[]}