{"uid":"16a0a6a901fa90e","name":"test_right_click_btn","fullName":"tests.test_buttons#test_right_click_btn","historyId":"45559e179ddc41e956fac1db3c2903d6","time":{"start":1708121246198,"stop":1708121254548,"duration":8350},"status":"broken","statusMessage":"selenium.common.exceptions.TimeoutException: Message: \n\nTimeout: 5.0\nReason: no such element: Unable to locate element: {\"method\":\"css selector\",\"selector\":\"#rightClickMessage\"}\n  (Session info: chrome=100.0.4896.60); For documentation on this error, please visit: https://www.selenium.dev/documentation/webdriver/troubleshooting/errors#no-such-element-exception\nStacktrace:\n#0 0x55ea941ab013 <unknown>\n#1 0x55ea93f0da08 <unknown>\n#2 0x55ea93f43fb6 <unknown>\n#3 0x55ea93f44171 <unknown>\n#4 0x55ea93f76dd4 <unknown>\n#5 0x55ea93f6195d <unknown>\n#6 0x55ea93f74b94 <unknown>\n#7 0x55ea93f61823 <unknown>\n#8 0x55ea93f3708a <unknown>\n#9 0x55ea93f381e5 <unknown>\n#10 0x55ea941d8e5d <unknown>\n#11 0x55ea941f2061 <unknown>\n#12 0x55ea941dabb5 <unknown>\n#13 0x55ea941f2e08 <unknown>\n#14 0x55ea941ce2f0 <unknown>\n#15 0x55ea9420e988 <unknown>\n#16 0x55ea9420eb08 <unknown>\n#17 0x55ea942285dd <unknown>\n#18 0x7f350c821609 <unknown>","statusTrace":"browser = <selenopiv.core.Browser object at 0x7f12be059b10>\n\n    def test_right_click_btn(browser):\n        # GIVEN\n        page = ButtonsPage(browser)\n        page.open_buttons_form()\n    \n        # WHEN\n        page.activate_right_click_btn()\n    \n        # THEN\n>       page.should_be_visible(page.right_click_msg)\n\ntests/test_buttons.py:26: \n_ _ _ _ _ _ _ _ _ _ _ _ _ _ _ _ _ _ _ _ _ _ _ _ _ _ _ _ _ _ _ _ _ _ _ _ _ _ _ _ \ndemoqa_test_with_selenopiv_framework/pages/buttons_page.py:39: in should_be_visible\n    element.should_be_visible()\nselenopiv/core.py:170: in should_be_visible\n    self.wait.until(condition)\n_ _ _ _ _ _ _ _ _ _ _ _ _ _ _ _ _ _ _ _ _ _ _ _ _ _ _ _ _ _ _ _ _ _ _ _ _ _ _ _ \n\nself = <selenopiv.wait.CustomWait (session=\"37e281dc1fbcd9c081c39d9014c5a2c3\")>\nmethod = <function Element.should_be_visible.<locals>.condition at 0x7f12be299080>\nmessage = ''\n\n    def until(\n        self, method: Callable[[D], Union[Literal[False], T]], message: str = \"\"\n    ) -> T:\n        \"\"\"Calls the method provided with the driver as an argument until the \\\n        return value does not evaluate to ``False``.\n    \n        :param method: callable(WebDriver)\n        :param message: optional message for :exc:`TimeoutException`\n        :returns: the result of the last call to `method`\n        :raises: :exc:`selenium.common.exceptions.TimeoutException` if timeout occurs\n        \"\"\"\n        screen = None\n        stacktrace = None\n        reason = None\n        is_err = False\n    \n        end_time = time.monotonic() + self._timeout\n        while True:\n            try:\n                value = method(self._driver)\n                if value:\n                    return value\n            except self._ignored_exceptions as exc:\n                screen = getattr(exc, \"screen\", None)\n                stacktrace = getattr(exc, \"stacktrace\", None)\n                reason = getattr(exc, 'msg', None)\n            except AssertionError as err:\n                is_err = True\n                reason = err.args[0]\n            time.sleep(self._poll)\n            if time.monotonic() > end_time:\n                break\n        if is_err:\n            raise AssertionError(f'\\n\\nTimeout: {self._timeout}\\nReason: {reason}')\n>       raise TimeoutException(\n            message + f'\\n\\nTimeout: {self._timeout}\\nReason: {reason}',\n            screen,\n            stacktrace,\n        )\nE       selenium.common.exceptions.TimeoutException: Message: \nE       \nE       Timeout: 5.0\nE       Reason: no such element: Unable to locate element: {\"method\":\"css selector\",\"selector\":\"#rightClickMessage\"}\nE         (Session info: chrome=100.0.4896.60); For documentation on this error, please visit: https://www.selenium.dev/documentation/webdriver/troubleshooting/errors#no-such-element-exception\nE       Stacktrace:\nE       #0 0x55ea941ab013 <unknown>\nE       #1 0x55ea93f0da08 <unknown>\nE       #2 0x55ea93f43fb6 <unknown>\nE       #3 0x55ea93f44171 <unknown>\nE       #4 0x55ea93f76dd4 <unknown>\nE       #5 0x55ea93f6195d <unknown>\nE       #6 0x55ea93f74b94 <unknown>\nE       #7 0x55ea93f61823 <unknown>\nE       #8 0x55ea93f3708a <unknown>\nE       #9 0x55ea93f381e5 <unknown>\nE       #10 0x55ea941d8e5d <unknown>\nE       #11 0x55ea941f2061 <unknown>\nE       #12 0x55ea941dabb5 <unknown>\nE       #13 0x55ea941f2e08 <unknown>\nE       #14 0x55ea941ce2f0 <unknown>\nE       #15 0x55ea9420e988 <unknown>\nE       #16 0x55ea9420eb08 <unknown>\nE       #17 0x55ea942285dd <unknown>\nE       #18 0x7f350c821609 <unknown>\n\nselenopiv/wait.py:43: TimeoutException","flaky":false,"newFailed":false,"newBroken":false,"newPassed":false,"retriesCount":0,"retriesStatusChange":false,"beforeStages":[{"name":"browser","time":{"start":1708121238559,"stop":1708121246197,"duration":7638},"status":"passed","steps":[],"attachments":[],"parameters":[],"shouldDisplayMessage":false,"stepsCount":0,"attachmentsCount":0,"hasContent":false,"attachmentStep":false}],"testStage":{"status":"broken","statusMessage":"selenium.common.exceptions.TimeoutException: Message: \n\nTimeout: 5.0\nReason: no such element: Unable to locate element: {\"method\":\"css selector\",\"selector\":\"#rightClickMessage\"}\n  (Session info: chrome=100.0.4896.60); For documentation on this error, please visit: https://www.selenium.dev/documentation/webdriver/troubleshooting/errors#no-such-element-exception\nStacktrace:\n#0 0x55ea941ab013 <unknown>\n#1 0x55ea93f0da08 <unknown>\n#2 0x55ea93f43fb6 <unknown>\n#3 0x55ea93f44171 <unknown>\n#4 0x55ea93f76dd4 <unknown>\n#5 0x55ea93f6195d <unknown>\n#6 0x55ea93f74b94 <unknown>\n#7 0x55ea93f61823 <unknown>\n#8 0x55ea93f3708a <unknown>\n#9 0x55ea93f381e5 <unknown>\n#10 0x55ea941d8e5d <unknown>\n#11 0x55ea941f2061 <unknown>\n#12 0x55ea941dabb5 <unknown>\n#13 0x55ea941f2e08 <unknown>\n#14 0x55ea941ce2f0 <unknown>\n#15 0x55ea9420e988 <unknown>\n#16 0x55ea9420eb08 <unknown>\n#17 0x55ea942285dd <unknown>\n#18 0x7f350c821609 <unknown>","statusTrace":"browser = <selenopiv.core.Browser object at 0x7f12be059b10>\n\n    def test_right_click_btn(browser):\n        # GIVEN\n        page = ButtonsPage(browser)\n        page.open_buttons_form()\n    \n        # WHEN\n        page.activate_right_click_btn()\n    \n        # THEN\n>       page.should_be_visible(page.right_click_msg)\n\ntests/test_buttons.py:26: \n_ _ _ _ _ _ _ _ _ _ _ _ _ _ _ _ _ _ _ _ _ _ _ _ _ _ _ _ _ _ _ _ _ _ _ _ _ _ _ _ \ndemoqa_test_with_selenopiv_framework/pages/buttons_page.py:39: in should_be_visible\n    element.should_be_visible()\nselenopiv/core.py:170: in should_be_visible\n    self.wait.until(condition)\n_ _ _ _ _ _ _ _ _ _ _ _ _ _ _ _ _ _ _ _ _ _ _ _ _ _ _ _ _ _ _ _ _ _ _ _ _ _ _ _ \n\nself = <selenopiv.wait.CustomWait (session=\"37e281dc1fbcd9c081c39d9014c5a2c3\")>\nmethod = <function Element.should_be_visible.<locals>.condition at 0x7f12be299080>\nmessage = ''\n\n    def until(\n        self, method: Callable[[D], Union[Literal[False], T]], message: str = \"\"\n    ) -> T:\n        \"\"\"Calls the method provided with the driver as an argument until the \\\n        return value does not evaluate to ``False``.\n    \n        :param method: callable(WebDriver)\n        :param message: optional message for :exc:`TimeoutException`\n        :returns: the result of the last call to `method`\n        :raises: :exc:`selenium.common.exceptions.TimeoutException` if timeout occurs\n        \"\"\"\n        screen = None\n        stacktrace = None\n        reason = None\n        is_err = False\n    \n        end_time = time.monotonic() + self._timeout\n        while True:\n            try:\n                value = method(self._driver)\n                if value:\n                    return value\n            except self._ignored_exceptions as exc:\n                screen = getattr(exc, \"screen\", None)\n                stacktrace = getattr(exc, \"stacktrace\", None)\n                reason = getattr(exc, 'msg', None)\n            except AssertionError as err:\n                is_err = True\n                reason = err.args[0]\n            time.sleep(self._poll)\n            if time.monotonic() > end_time:\n                break\n        if is_err:\n            raise AssertionError(f'\\n\\nTimeout: {self._timeout}\\nReason: {reason}')\n>       raise TimeoutException(\n            message + f'\\n\\nTimeout: {self._timeout}\\nReason: {reason}',\n            screen,\n            stacktrace,\n        )\nE       selenium.common.exceptions.TimeoutException: Message: \nE       \nE       Timeout: 5.0\nE       Reason: no such element: Unable to locate element: {\"method\":\"css selector\",\"selector\":\"#rightClickMessage\"}\nE         (Session info: chrome=100.0.4896.60); For documentation on this error, please visit: https://www.selenium.dev/documentation/webdriver/troubleshooting/errors#no-such-element-exception\nE       Stacktrace:\nE       #0 0x55ea941ab013 <unknown>\nE       #1 0x55ea93f0da08 <unknown>\nE       #2 0x55ea93f43fb6 <unknown>\nE       #3 0x55ea93f44171 <unknown>\nE       #4 0x55ea93f76dd4 <unknown>\nE       #5 0x55ea93f6195d <unknown>\nE       #6 0x55ea93f74b94 <unknown>\nE       #7 0x55ea93f61823 <unknown>\nE       #8 0x55ea93f3708a <unknown>\nE       #9 0x55ea93f381e5 <unknown>\nE       #10 0x55ea941d8e5d <unknown>\nE       #11 0x55ea941f2061 <unknown>\nE       #12 0x55ea941dabb5 <unknown>\nE       #13 0x55ea941f2e08 <unknown>\nE       #14 0x55ea941ce2f0 <unknown>\nE       #15 0x55ea9420e988 <unknown>\nE       #16 0x55ea9420eb08 <unknown>\nE       #17 0x55ea942285dd <unknown>\nE       #18 0x7f350c821609 <unknown>\n\nselenopiv/wait.py:43: TimeoutException","steps":[{"name":"Открываем форму с кнопками","time":{"start":1708121246198,"stop":1708121248442,"duration":2244},"status":"passed","steps":[],"attachments":[],"parameters":[],"shouldDisplayMessage":false,"stepsCount":0,"attachmentsCount":0,"hasContent":false,"attachmentStep":false},{"name":"Выполняем Right click","time":{"start":1708121248443,"stop":1708121248962,"duration":519},"status":"passed","steps":[],"attachments":[],"parameters":[],"shouldDisplayMessage":false,"stepsCount":0,"attachmentsCount":0,"hasContent":false,"attachmentStep":false},{"name":"Проверяем видимость элемента <selenopiv.core.Element object at 0x7f12be058d50>","time":{"start":1708121248963,"stop":1708121254547,"duration":5584},"status":"broken","statusMessage":"selenium.common.exceptions.TimeoutException: Message: \n\nTimeout: 5.0\nReason: no such element: Unable to locate element: {\"method\":\"css selector\",\"selector\":\"#rightClickMessage\"}\n  (Session info: chrome=100.0.4896.60); For documentation on this error, please visit: https://www.selenium.dev/documentation/webdriver/troubleshooting/errors#no-such-element-exception\nStacktrace:\n#0 0x55ea941ab013 <unknown>\n#1 0x55ea93f0da08 <unknown>\n#2 0x55ea93f43fb6 <unknown>\n#3 0x55ea93f44171 <unknown>\n#4 0x55ea93f76dd4 <unknown>\n#5 0x55ea93f6195d <unknown>\n#6 0x55ea93f74b94 <unknown>\n#7 0x55ea93f61823 <unknown>\n#8 0x55ea93f3708a <unknown>\n#9 0x55ea93f381e5 <unknown>\n#10 0x55ea941d8e5d <unknown>\n#11 0x55ea941f2061 <unknown>\n#12 0x55ea941dabb5 <unknown>\n#13 0x55ea941f2e08 <unknown>\n#14 0x55ea941ce2f0 <unknown>\n#15 0x55ea9420e988 <unknown>\n#16 0x55ea9420eb08 <unknown>\n#17 0x55ea942285dd <unknown>\n#18 0x7f350c821609 <unknown>\n\n","statusTrace":"  File \"/opt/hostedtoolcache/Python/3.11.8/x64/lib/python3.11/site-packages/allure_commons/_allure.py\", line 192, in impl\n    return func(*a, **kw)\n           ^^^^^^^^^^^^^^\n  File \"/home/runner/work/demoqa-test-with-selenopiv-framework/demoqa-test-with-selenopiv-framework/demoqa_test_with_selenopiv_framework/pages/buttons_page.py\", line 39, in should_be_visible\n    element.should_be_visible()\n  File \"/home/runner/work/demoqa-test-with-selenopiv-framework/demoqa-test-with-selenopiv-framework/selenopiv/core.py\", line 170, in should_be_visible\n    self.wait.until(condition)\n  File \"/home/runner/work/demoqa-test-with-selenopiv-framework/demoqa-test-with-selenopiv-framework/selenopiv/wait.py\", line 43, in until\n    raise TimeoutException(\n","steps":[],"attachments":[],"parameters":[{"name":"element","value":"<selenopiv.core.Element object at 0x7f12be058d50>"}],"shouldDisplayMessage":true,"stepsCount":0,"attachmentsCount":0,"hasContent":true,"attachmentStep":false}],"attachments":[],"parameters":[],"shouldDisplayMessage":true,"stepsCount":3,"attachmentsCount":0,"hasContent":true,"attachmentStep":false},"afterStages":[{"name":"browser::0","time":{"start":1708121254554,"stop":1708121255821,"duration":1267},"status":"passed","steps":[],"attachments":[{"uid":"6e123b4af5808619","name":"screenshot","source":"6e123b4af5808619.png","type":"image/png","size":217305},{"uid":"6e8c682e9ce5525","name":"browser_logs","source":"6e8c682e9ce5525.txt","type":"text/plain","size":181},{"uid":"ae3bd9c616ca2c1f","name":"page_source","source":"ae3bd9c616ca2c1f.html","type":"text/html","size":499346},{"uid":"28452aa15ced2433","name":"video_37e281dc1fbcd9c081c39d9014c5a2c3","source":"28452aa15ced2433.html","type":"text/html","size":193}],"parameters":[],"shouldDisplayMessage":false,"stepsCount":0,"attachmentsCount":4,"hasContent":true,"attachmentStep":false}],"labels":[{"name":"parentSuite","value":"tests"},{"name":"suite","value":"test_buttons"},{"name":"host","value":"fv-az520-522"},{"name":"thread","value":"2214-MainThread"},{"name":"framework","value":"pytest"},{"name":"language","value":"cpython3"},{"name":"package","value":"tests.test_buttons"},{"name":"resultFormat","value":"allure2"}],"parameters":[],"links":[],"hidden":false,"retry":false,"extra":{"severity":"normal","retries":[],"categories":[{"name":"Test defects","matchedStatuses":[],"flaky":false}],"history":{"statistic":{"failed":0,"broken":2,"skipped":0,"passed":2,"unknown":0,"total":4},"items":[{"uid":"412b6dd03682f909","reportUrl":"https://ponomarev-iv1986.github.io/demoqa-test-with-selenopiv-framework/23//#testresult/412b6dd03682f909","status":"broken","statusDetails":"selenium.common.exceptions.TimeoutException: Message: \n\nTimeout: 5.0\nReason: no such element: Unable to locate element: {\"method\":\"css selector\",\"selector\":\"#rightClickMessage\"}\n  (Session info: chrome=100.0.4896.60); For documentation on this error, please visit: https://www.selenium.dev/documentation/webdriver/troubleshooting/errors#no-such-element-exception\nStacktrace:\n#0 0x562d7f850013 <unknown>\n#1 0x562d7f5b2a08 <unknown>\n#2 0x562d7f5e8fb6 <unknown>\n#3 0x562d7f5e9171 <unknown>\n#4 0x562d7f61bdd4 <unknown>\n#5 0x562d7f60695d <unknown>\n#6 0x562d7f619b94 <unknown>\n#7 0x562d7f606823 <unknown>\n#8 0x562d7f5dc08a <unknown>\n#9 0x562d7f5dd1e5 <unknown>\n#10 0x562d7f87de5d <unknown>\n#11 0x562d7f897061 <unknown>\n#12 0x562d7f87fbb5 <unknown>\n#13 0x562d7f897e08 <unknown>\n#14 0x562d7f8732f0 <unknown>\n#15 0x562d7f8b3988 <unknown>\n#16 0x562d7f8b3b08 <unknown>\n#17 0x562d7f8cd5dd <unknown>\n#18 0x7fc58f997609 <unknown>","time":{"start":1708120592462,"stop":1708120600832,"duration":8370}},{"uid":"c255ea7ce34ea8aa","reportUrl":"https://ponomarev-iv1986.github.io/demoqa-test-with-selenopiv-framework/22//#testresult/c255ea7ce34ea8aa","status":"passed","time":{"start":1706445082867,"stop":1706445086771,"duration":3904}},{"uid":"bf2675985593fd66","reportUrl":"https://ponomarev-iv1986.github.io/demoqa-test-with-selenopiv-framework/21//#testresult/bf2675985593fd66","status":"passed","time":{"start":1706444831316,"stop":1706444834991,"duration":3675}}]},"tags":[]},"source":"16a0a6a901fa90e.json","parameterValues":[]}