{"uid":"583aa5a2de06a11d","name":"test_double_click_btn","fullName":"tests.test_buttons#test_double_click_btn","historyId":"e9cdb57e9492e2927d884b01d9f098c3","time":{"start":1708121228810,"stop":1708121237262,"duration":8452},"status":"broken","statusMessage":"selenium.common.exceptions.TimeoutException: Message: \n\nTimeout: 5.0\nReason: no such element: Unable to locate element: {\"method\":\"css selector\",\"selector\":\"#doubleClickMessage\"}\n  (Session info: chrome=100.0.4896.60); For documentation on this error, please visit: https://www.selenium.dev/documentation/webdriver/troubleshooting/errors#no-such-element-exception\nStacktrace:\n#0 0x560153d25013 <unknown>\n#1 0x560153a87a08 <unknown>\n#2 0x560153abdfb6 <unknown>\n#3 0x560153abe171 <unknown>\n#4 0x560153af0dd4 <unknown>\n#5 0x560153adb95d <unknown>\n#6 0x560153aeeb94 <unknown>\n#7 0x560153adb823 <unknown>\n#8 0x560153ab108a <unknown>\n#9 0x560153ab21e5 <unknown>\n#10 0x560153d52e5d <unknown>\n#11 0x560153d6c061 <unknown>\n#12 0x560153d54bb5 <unknown>\n#13 0x560153d6ce08 <unknown>\n#14 0x560153d482f0 <unknown>\n#15 0x560153d88988 <unknown>\n#16 0x560153d88b08 <unknown>\n#17 0x560153da25dd <unknown>\n#18 0x7fbc9fc8f609 <unknown>","statusTrace":"browser = <selenopiv.core.Browser object at 0x7f12be2a8e10>\n\n    def test_double_click_btn(browser):\n        # GIVEN\n        page = ButtonsPage(browser)\n        page.open_buttons_form()\n    \n        # WHEN\n        page.activate_double_click_btn()\n    \n        # THEN\n>       page.should_be_visible(page.double_click_msg)\n\ntests/test_buttons.py:13: \n_ _ _ _ _ _ _ _ _ _ _ _ _ _ _ _ _ _ _ _ _ _ _ _ _ _ _ _ _ _ _ _ _ _ _ _ _ _ _ _ \ndemoqa_test_with_selenopiv_framework/pages/buttons_page.py:39: in should_be_visible\n    element.should_be_visible()\nselenopiv/core.py:170: in should_be_visible\n    self.wait.until(condition)\n_ _ _ _ _ _ _ _ _ _ _ _ _ _ _ _ _ _ _ _ _ _ _ _ _ _ _ _ _ _ _ _ _ _ _ _ _ _ _ _ \n\nself = <selenopiv.wait.CustomWait (session=\"65648197ac654f2f5cea8703aa772e6f\")>\nmethod = <function Element.should_be_visible.<locals>.condition at 0x7f12be23a480>\nmessage = ''\n\n    def until(\n        self, method: Callable[[D], Union[Literal[False], T]], message: str = \"\"\n    ) -> T:\n        \"\"\"Calls the method provided with the driver as an argument until the \\\n        return value does not evaluate to ``False``.\n    \n        :param method: callable(WebDriver)\n        :param message: optional message for :exc:`TimeoutException`\n        :returns: the result of the last call to `method`\n        :raises: :exc:`selenium.common.exceptions.TimeoutException` if timeout occurs\n        \"\"\"\n        screen = None\n        stacktrace = None\n        reason = None\n        is_err = False\n    \n        end_time = time.monotonic() + self._timeout\n        while True:\n            try:\n                value = method(self._driver)\n                if value:\n                    return value\n            except self._ignored_exceptions as exc:\n                screen = getattr(exc, \"screen\", None)\n                stacktrace = getattr(exc, \"stacktrace\", None)\n                reason = getattr(exc, 'msg', None)\n            except AssertionError as err:\n                is_err = True\n                reason = err.args[0]\n            time.sleep(self._poll)\n            if time.monotonic() > end_time:\n                break\n        if is_err:\n            raise AssertionError(f'\\n\\nTimeout: {self._timeout}\\nReason: {reason}')\n>       raise TimeoutException(\n            message + f'\\n\\nTimeout: {self._timeout}\\nReason: {reason}',\n            screen,\n            stacktrace,\n        )\nE       selenium.common.exceptions.TimeoutException: Message: \nE       \nE       Timeout: 5.0\nE       Reason: no such element: Unable to locate element: {\"method\":\"css selector\",\"selector\":\"#doubleClickMessage\"}\nE         (Session info: chrome=100.0.4896.60); For documentation on this error, please visit: https://www.selenium.dev/documentation/webdriver/troubleshooting/errors#no-such-element-exception\nE       Stacktrace:\nE       #0 0x560153d25013 <unknown>\nE       #1 0x560153a87a08 <unknown>\nE       #2 0x560153abdfb6 <unknown>\nE       #3 0x560153abe171 <unknown>\nE       #4 0x560153af0dd4 <unknown>\nE       #5 0x560153adb95d <unknown>\nE       #6 0x560153aeeb94 <unknown>\nE       #7 0x560153adb823 <unknown>\nE       #8 0x560153ab108a <unknown>\nE       #9 0x560153ab21e5 <unknown>\nE       #10 0x560153d52e5d <unknown>\nE       #11 0x560153d6c061 <unknown>\nE       #12 0x560153d54bb5 <unknown>\nE       #13 0x560153d6ce08 <unknown>\nE       #14 0x560153d482f0 <unknown>\nE       #15 0x560153d88988 <unknown>\nE       #16 0x560153d88b08 <unknown>\nE       #17 0x560153da25dd <unknown>\nE       #18 0x7fbc9fc8f609 <unknown>\n\nselenopiv/wait.py:43: TimeoutException","flaky":false,"newFailed":false,"newBroken":false,"newPassed":false,"retriesCount":0,"retriesStatusChange":false,"beforeStages":[{"name":"browser","time":{"start":1708121222652,"stop":1708121228809,"duration":6157},"status":"passed","steps":[],"attachments":[],"parameters":[],"shouldDisplayMessage":false,"stepsCount":0,"attachmentsCount":0,"hasContent":false,"attachmentStep":false}],"testStage":{"status":"broken","statusMessage":"selenium.common.exceptions.TimeoutException: Message: \n\nTimeout: 5.0\nReason: no such element: Unable to locate element: {\"method\":\"css selector\",\"selector\":\"#doubleClickMessage\"}\n  (Session info: chrome=100.0.4896.60); For documentation on this error, please visit: https://www.selenium.dev/documentation/webdriver/troubleshooting/errors#no-such-element-exception\nStacktrace:\n#0 0x560153d25013 <unknown>\n#1 0x560153a87a08 <unknown>\n#2 0x560153abdfb6 <unknown>\n#3 0x560153abe171 <unknown>\n#4 0x560153af0dd4 <unknown>\n#5 0x560153adb95d <unknown>\n#6 0x560153aeeb94 <unknown>\n#7 0x560153adb823 <unknown>\n#8 0x560153ab108a <unknown>\n#9 0x560153ab21e5 <unknown>\n#10 0x560153d52e5d <unknown>\n#11 0x560153d6c061 <unknown>\n#12 0x560153d54bb5 <unknown>\n#13 0x560153d6ce08 <unknown>\n#14 0x560153d482f0 <unknown>\n#15 0x560153d88988 <unknown>\n#16 0x560153d88b08 <unknown>\n#17 0x560153da25dd <unknown>\n#18 0x7fbc9fc8f609 <unknown>","statusTrace":"browser = <selenopiv.core.Browser object at 0x7f12be2a8e10>\n\n    def test_double_click_btn(browser):\n        # GIVEN\n        page = ButtonsPage(browser)\n        page.open_buttons_form()\n    \n        # WHEN\n        page.activate_double_click_btn()\n    \n        # THEN\n>       page.should_be_visible(page.double_click_msg)\n\ntests/test_buttons.py:13: \n_ _ _ _ _ _ _ _ _ _ _ _ _ _ _ _ _ _ _ _ _ _ _ _ _ _ _ _ _ _ _ _ _ _ _ _ _ _ _ _ \ndemoqa_test_with_selenopiv_framework/pages/buttons_page.py:39: in should_be_visible\n    element.should_be_visible()\nselenopiv/core.py:170: in should_be_visible\n    self.wait.until(condition)\n_ _ _ _ _ _ _ _ _ _ _ _ _ _ _ _ _ _ _ _ _ _ _ _ _ _ _ _ _ _ _ _ _ _ _ _ _ _ _ _ \n\nself = <selenopiv.wait.CustomWait (session=\"65648197ac654f2f5cea8703aa772e6f\")>\nmethod = <function Element.should_be_visible.<locals>.condition at 0x7f12be23a480>\nmessage = ''\n\n    def until(\n        self, method: Callable[[D], Union[Literal[False], T]], message: str = \"\"\n    ) -> T:\n        \"\"\"Calls the method provided with the driver as an argument until the \\\n        return value does not evaluate to ``False``.\n    \n        :param method: callable(WebDriver)\n        :param message: optional message for :exc:`TimeoutException`\n        :returns: the result of the last call to `method`\n        :raises: :exc:`selenium.common.exceptions.TimeoutException` if timeout occurs\n        \"\"\"\n        screen = None\n        stacktrace = None\n        reason = None\n        is_err = False\n    \n        end_time = time.monotonic() + self._timeout\n        while True:\n            try:\n                value = method(self._driver)\n                if value:\n                    return value\n            except self._ignored_exceptions as exc:\n                screen = getattr(exc, \"screen\", None)\n                stacktrace = getattr(exc, \"stacktrace\", None)\n                reason = getattr(exc, 'msg', None)\n            except AssertionError as err:\n                is_err = True\n                reason = err.args[0]\n            time.sleep(self._poll)\n            if time.monotonic() > end_time:\n                break\n        if is_err:\n            raise AssertionError(f'\\n\\nTimeout: {self._timeout}\\nReason: {reason}')\n>       raise TimeoutException(\n            message + f'\\n\\nTimeout: {self._timeout}\\nReason: {reason}',\n            screen,\n            stacktrace,\n        )\nE       selenium.common.exceptions.TimeoutException: Message: \nE       \nE       Timeout: 5.0\nE       Reason: no such element: Unable to locate element: {\"method\":\"css selector\",\"selector\":\"#doubleClickMessage\"}\nE         (Session info: chrome=100.0.4896.60); For documentation on this error, please visit: https://www.selenium.dev/documentation/webdriver/troubleshooting/errors#no-such-element-exception\nE       Stacktrace:\nE       #0 0x560153d25013 <unknown>\nE       #1 0x560153a87a08 <unknown>\nE       #2 0x560153abdfb6 <unknown>\nE       #3 0x560153abe171 <unknown>\nE       #4 0x560153af0dd4 <unknown>\nE       #5 0x560153adb95d <unknown>\nE       #6 0x560153aeeb94 <unknown>\nE       #7 0x560153adb823 <unknown>\nE       #8 0x560153ab108a <unknown>\nE       #9 0x560153ab21e5 <unknown>\nE       #10 0x560153d52e5d <unknown>\nE       #11 0x560153d6c061 <unknown>\nE       #12 0x560153d54bb5 <unknown>\nE       #13 0x560153d6ce08 <unknown>\nE       #14 0x560153d482f0 <unknown>\nE       #15 0x560153d88988 <unknown>\nE       #16 0x560153d88b08 <unknown>\nE       #17 0x560153da25dd <unknown>\nE       #18 0x7fbc9fc8f609 <unknown>\n\nselenopiv/wait.py:43: TimeoutException","steps":[{"name":"Открываем форму с кнопками","time":{"start":1708121228810,"stop":1708121231158,"duration":2348},"status":"passed","steps":[],"attachments":[],"parameters":[],"shouldDisplayMessage":false,"stepsCount":0,"attachmentsCount":0,"hasContent":false,"attachmentStep":false},{"name":"Выполняем Double click","time":{"start":1708121231158,"stop":1708121231670,"duration":512},"status":"passed","steps":[],"attachments":[],"parameters":[],"shouldDisplayMessage":false,"stepsCount":0,"attachmentsCount":0,"hasContent":false,"attachmentStep":false},{"name":"Проверяем видимость элемента <selenopiv.core.Element object at 0x7f12be096fd0>","time":{"start":1708121231670,"stop":1708121237261,"duration":5591},"status":"broken","statusMessage":"selenium.common.exceptions.TimeoutException: Message: \n\nTimeout: 5.0\nReason: no such element: Unable to locate element: {\"method\":\"css selector\",\"selector\":\"#doubleClickMessage\"}\n  (Session info: chrome=100.0.4896.60); For documentation on this error, please visit: https://www.selenium.dev/documentation/webdriver/troubleshooting/errors#no-such-element-exception\nStacktrace:\n#0 0x560153d25013 <unknown>\n#1 0x560153a87a08 <unknown>\n#2 0x560153abdfb6 <unknown>\n#3 0x560153abe171 <unknown>\n#4 0x560153af0dd4 <unknown>\n#5 0x560153adb95d <unknown>\n#6 0x560153aeeb94 <unknown>\n#7 0x560153adb823 <unknown>\n#8 0x560153ab108a <unknown>\n#9 0x560153ab21e5 <unknown>\n#10 0x560153d52e5d <unknown>\n#11 0x560153d6c061 <unknown>\n#12 0x560153d54bb5 <unknown>\n#13 0x560153d6ce08 <unknown>\n#14 0x560153d482f0 <unknown>\n#15 0x560153d88988 <unknown>\n#16 0x560153d88b08 <unknown>\n#17 0x560153da25dd <unknown>\n#18 0x7fbc9fc8f609 <unknown>\n\n","statusTrace":"  File \"/opt/hostedtoolcache/Python/3.11.8/x64/lib/python3.11/site-packages/allure_commons/_allure.py\", line 192, in impl\n    return func(*a, **kw)\n           ^^^^^^^^^^^^^^\n  File \"/home/runner/work/demoqa-test-with-selenopiv-framework/demoqa-test-with-selenopiv-framework/demoqa_test_with_selenopiv_framework/pages/buttons_page.py\", line 39, in should_be_visible\n    element.should_be_visible()\n  File \"/home/runner/work/demoqa-test-with-selenopiv-framework/demoqa-test-with-selenopiv-framework/selenopiv/core.py\", line 170, in should_be_visible\n    self.wait.until(condition)\n  File \"/home/runner/work/demoqa-test-with-selenopiv-framework/demoqa-test-with-selenopiv-framework/selenopiv/wait.py\", line 43, in until\n    raise TimeoutException(\n","steps":[],"attachments":[],"parameters":[{"name":"element","value":"<selenopiv.core.Element object at 0x7f12be096fd0>"}],"shouldDisplayMessage":true,"stepsCount":0,"attachmentsCount":0,"hasContent":true,"attachmentStep":false}],"attachments":[],"parameters":[],"shouldDisplayMessage":true,"stepsCount":3,"attachmentsCount":0,"hasContent":true,"attachmentStep":false},"afterStages":[{"name":"browser::0","time":{"start":1708121237296,"stop":1708121238557,"duration":1261},"status":"passed","steps":[],"attachments":[{"uid":"36250bfd6144ac1a","name":"screenshot","source":"36250bfd6144ac1a.png","type":"image/png","size":217305},{"uid":"22343376e930acaa","name":"browser_logs","source":"22343376e930acaa.txt","type":"text/plain","size":181},{"uid":"c55e49f50c016dda","name":"page_source","source":"c55e49f50c016dda.html","type":"text/html","size":499191},{"uid":"9375376f165d73f6","name":"video_65648197ac654f2f5cea8703aa772e6f","source":"9375376f165d73f6.html","type":"text/html","size":193}],"parameters":[],"shouldDisplayMessage":false,"stepsCount":0,"attachmentsCount":4,"hasContent":true,"attachmentStep":false}],"labels":[{"name":"parentSuite","value":"tests"},{"name":"suite","value":"test_buttons"},{"name":"host","value":"fv-az520-522"},{"name":"thread","value":"2214-MainThread"},{"name":"framework","value":"pytest"},{"name":"language","value":"cpython3"},{"name":"package","value":"tests.test_buttons"},{"name":"resultFormat","value":"allure2"}],"parameters":[],"links":[],"hidden":false,"retry":false,"extra":{"severity":"normal","retries":[],"categories":[{"name":"Test defects","matchedStatuses":[],"flaky":false}],"history":{"statistic":{"failed":0,"broken":2,"skipped":0,"passed":2,"unknown":0,"total":4},"items":[{"uid":"87e121d73cd54361","reportUrl":"https://ponomarev-iv1986.github.io/demoqa-test-with-selenopiv-framework/23//#testresult/87e121d73cd54361","status":"broken","statusDetails":"selenium.common.exceptions.TimeoutException: Message: \n\nTimeout: 5.0\nReason: no such element: Unable to locate element: {\"method\":\"css selector\",\"selector\":\"#doubleClickMessage\"}\n  (Session info: chrome=100.0.4896.60); For documentation on this error, please visit: https://www.selenium.dev/documentation/webdriver/troubleshooting/errors#no-such-element-exception\nStacktrace:\n#0 0x555f5f603013 <unknown>\n#1 0x555f5f365a08 <unknown>\n#2 0x555f5f39bfb6 <unknown>\n#3 0x555f5f39c171 <unknown>\n#4 0x555f5f3cedd4 <unknown>\n#5 0x555f5f3b995d <unknown>\n#6 0x555f5f3ccb94 <unknown>\n#7 0x555f5f3b9823 <unknown>\n#8 0x555f5f38f08a <unknown>\n#9 0x555f5f3901e5 <unknown>\n#10 0x555f5f630e5d <unknown>\n#11 0x555f5f64a061 <unknown>\n#12 0x555f5f632bb5 <unknown>\n#13 0x555f5f64ae08 <unknown>\n#14 0x555f5f6262f0 <unknown>\n#15 0x555f5f666988 <unknown>\n#16 0x555f5f666b08 <unknown>\n#17 0x555f5f6805dd <unknown>\n#18 0x7f8285ec9609 <unknown>","time":{"start":1708120574196,"stop":1708120582581,"duration":8385}},{"uid":"40f93d0e1af9cd29","reportUrl":"https://ponomarev-iv1986.github.io/demoqa-test-with-selenopiv-framework/22//#testresult/40f93d0e1af9cd29","status":"passed","time":{"start":1706445069048,"stop":1706445072730,"duration":3682}},{"uid":"c0b5b7b6970902dc","reportUrl":"https://ponomarev-iv1986.github.io/demoqa-test-with-selenopiv-framework/21//#testresult/c0b5b7b6970902dc","status":"passed","time":{"start":1706444816437,"stop":1706444820314,"duration":3877}}]},"tags":[]},"source":"583aa5a2de06a11d.json","parameterValues":[]}