{"uid":"683252f729f95004","name":"test_login_with_student_registration_form","fullName":"tests.test_student_registration_form#test_login_with_student_registration_form","historyId":"c9d19bd78599583dad99734cc5b17e7c","time":{"start":1706444860418,"stop":1706444867389,"duration":6971},"status":"broken","statusMessage":"selenium.common.exceptions.TimeoutException: Message: \n\nTimeout: 5.0\nReason: no such element: Unable to locate element: {\"method\":\"css selector\",\"selector\":\"#firstName\"}\n  (Session info: chrome=100.0.4896.60); For documentation on this error, please visit: https://www.selenium.dev/documentation/webdriver/troubleshooting/errors#no-such-element-exception\nStacktrace:\n#0 0x55ad5800f013 <unknown>\n#1 0x55ad57d71a08 <unknown>\n#2 0x55ad57da7fb6 <unknown>\n#3 0x55ad57da8171 <unknown>\n#4 0x55ad57ddadd4 <unknown>\n#5 0x55ad57dc595d <unknown>\n#6 0x55ad57dd8b94 <unknown>\n#7 0x55ad57dc5823 <unknown>\n#8 0x55ad57d9b08a <unknown>\n#9 0x55ad57d9c1e5 <unknown>\n#10 0x55ad5803ce5d <unknown>\n#11 0x55ad58056061 <unknown>\n#12 0x55ad5803ebb5 <unknown>\n#13 0x55ad58056e08 <unknown>\n#14 0x55ad580322f0 <unknown>\n#15 0x55ad58072988 <unknown>\n#16 0x55ad58072b08 <unknown>\n#17 0x55ad5808c5dd <unknown>\n#18 0x7f77b43e3609 <unknown>","statusTrace":"browser = <selenopiv.core.Browser object at 0x7fa025dbc110>\n\n    def test_login_with_student_registration_form(browser):\n        # GIVEN\n        page = StudentRegistrationPage(browser)\n        page.open_student_registration_form()\n    \n        # WHEN\n>       page.fill_first_name('Bill')\n\ntests/test_student_registration_form.py:11: \n_ _ _ _ _ _ _ _ _ _ _ _ _ _ _ _ _ _ _ _ _ _ _ _ _ _ _ _ _ _ _ _ _ _ _ _ _ _ _ _ \ndemoqa_test_with_selenopiv_framework/pages/student_registration_page.py:60: in fill_first_name\n    self.first_name.type(value)\nselenopiv/core.py:61: in type\n    self.wait.until(command)\n_ _ _ _ _ _ _ _ _ _ _ _ _ _ _ _ _ _ _ _ _ _ _ _ _ _ _ _ _ _ _ _ _ _ _ _ _ _ _ _ \n\nself = <selenopiv.wait.CustomWait (session=\"a82ab755316d255285916cba8a5387d4\")>\nmethod = <function Element.type.<locals>.command at 0x7fa025ddc220>\nmessage = ''\n\n    def until(self, method: Callable[[D], Union[Literal[False], T]], message: str = \"\") -> T:\n        \"\"\"Calls the method provided with the driver as an argument until the \\\n        return value does not evaluate to ``False``.\n    \n        :param method: callable(WebDriver)\n        :param message: optional message for :exc:`TimeoutException`\n        :returns: the result of the last call to `method`\n        :raises: :exc:`selenium.common.exceptions.TimeoutException` if timeout occurs\n        \"\"\"\n        screen = None\n        stacktrace = None\n        reason = None\n        is_err = False\n    \n        end_time = time.monotonic() + self._timeout\n        while True:\n            try:\n                value = method(self._driver)\n                if value:\n                    return value\n            except self._ignored_exceptions as exc:\n                screen = getattr(exc, \"screen\", None)\n                stacktrace = getattr(exc, \"stacktrace\", None)\n                reason = getattr(exc, 'msg', None)\n            except AssertionError as err:\n                is_err = True\n                reason = err.args[0]\n            time.sleep(self._poll)\n            if time.monotonic() > end_time:\n                break\n        if is_err:\n            raise AssertionError(\n                f'\\n\\nTimeout: {self._timeout}\\nReason: {reason}'\n            )\n>       raise TimeoutException(\n            message + f'\\n\\nTimeout: {self._timeout}\\nReason: {reason}', screen, stacktrace\n        )\nE       selenium.common.exceptions.TimeoutException: Message: \nE       \nE       Timeout: 5.0\nE       Reason: no such element: Unable to locate element: {\"method\":\"css selector\",\"selector\":\"#firstName\"}\nE         (Session info: chrome=100.0.4896.60); For documentation on this error, please visit: https://www.selenium.dev/documentation/webdriver/troubleshooting/errors#no-such-element-exception\nE       Stacktrace:\nE       #0 0x55ad5800f013 <unknown>\nE       #1 0x55ad57d71a08 <unknown>\nE       #2 0x55ad57da7fb6 <unknown>\nE       #3 0x55ad57da8171 <unknown>\nE       #4 0x55ad57ddadd4 <unknown>\nE       #5 0x55ad57dc595d <unknown>\nE       #6 0x55ad57dd8b94 <unknown>\nE       #7 0x55ad57dc5823 <unknown>\nE       #8 0x55ad57d9b08a <unknown>\nE       #9 0x55ad57d9c1e5 <unknown>\nE       #10 0x55ad5803ce5d <unknown>\nE       #11 0x55ad58056061 <unknown>\nE       #12 0x55ad5803ebb5 <unknown>\nE       #13 0x55ad58056e08 <unknown>\nE       #14 0x55ad580322f0 <unknown>\nE       #15 0x55ad58072988 <unknown>\nE       #16 0x55ad58072b08 <unknown>\nE       #17 0x55ad5808c5dd <unknown>\nE       #18 0x7f77b43e3609 <unknown>\n\nselenopiv/wait.py:43: TimeoutException","flaky":false,"newFailed":false,"newBroken":true,"newPassed":false,"retriesCount":0,"retriesStatusChange":false,"beforeStages":[{"name":"browser","time":{"start":1706444850445,"stop":1706444860417,"duration":9972},"status":"passed","steps":[],"attachments":[],"parameters":[],"shouldDisplayMessage":false,"stepsCount":0,"attachmentsCount":0,"hasContent":false,"attachmentStep":false}],"testStage":{"status":"broken","statusMessage":"selenium.common.exceptions.TimeoutException: Message: \n\nTimeout: 5.0\nReason: no such element: Unable to locate element: {\"method\":\"css selector\",\"selector\":\"#firstName\"}\n  (Session info: chrome=100.0.4896.60); For documentation on this error, please visit: https://www.selenium.dev/documentation/webdriver/troubleshooting/errors#no-such-element-exception\nStacktrace:\n#0 0x55ad5800f013 <unknown>\n#1 0x55ad57d71a08 <unknown>\n#2 0x55ad57da7fb6 <unknown>\n#3 0x55ad57da8171 <unknown>\n#4 0x55ad57ddadd4 <unknown>\n#5 0x55ad57dc595d <unknown>\n#6 0x55ad57dd8b94 <unknown>\n#7 0x55ad57dc5823 <unknown>\n#8 0x55ad57d9b08a <unknown>\n#9 0x55ad57d9c1e5 <unknown>\n#10 0x55ad5803ce5d <unknown>\n#11 0x55ad58056061 <unknown>\n#12 0x55ad5803ebb5 <unknown>\n#13 0x55ad58056e08 <unknown>\n#14 0x55ad580322f0 <unknown>\n#15 0x55ad58072988 <unknown>\n#16 0x55ad58072b08 <unknown>\n#17 0x55ad5808c5dd <unknown>\n#18 0x7f77b43e3609 <unknown>","statusTrace":"browser = <selenopiv.core.Browser object at 0x7fa025dbc110>\n\n    def test_login_with_student_registration_form(browser):\n        # GIVEN\n        page = StudentRegistrationPage(browser)\n        page.open_student_registration_form()\n    \n        # WHEN\n>       page.fill_first_name('Bill')\n\ntests/test_student_registration_form.py:11: \n_ _ _ _ _ _ _ _ _ _ _ _ _ _ _ _ _ _ _ _ _ _ _ _ _ _ _ _ _ _ _ _ _ _ _ _ _ _ _ _ \ndemoqa_test_with_selenopiv_framework/pages/student_registration_page.py:60: in fill_first_name\n    self.first_name.type(value)\nselenopiv/core.py:61: in type\n    self.wait.until(command)\n_ _ _ _ _ _ _ _ _ _ _ _ _ _ _ _ _ _ _ _ _ _ _ _ _ _ _ _ _ _ _ _ _ _ _ _ _ _ _ _ \n\nself = <selenopiv.wait.CustomWait (session=\"a82ab755316d255285916cba8a5387d4\")>\nmethod = <function Element.type.<locals>.command at 0x7fa025ddc220>\nmessage = ''\n\n    def until(self, method: Callable[[D], Union[Literal[False], T]], message: str = \"\") -> T:\n        \"\"\"Calls the method provided with the driver as an argument until the \\\n        return value does not evaluate to ``False``.\n    \n        :param method: callable(WebDriver)\n        :param message: optional message for :exc:`TimeoutException`\n        :returns: the result of the last call to `method`\n        :raises: :exc:`selenium.common.exceptions.TimeoutException` if timeout occurs\n        \"\"\"\n        screen = None\n        stacktrace = None\n        reason = None\n        is_err = False\n    \n        end_time = time.monotonic() + self._timeout\n        while True:\n            try:\n                value = method(self._driver)\n                if value:\n                    return value\n            except self._ignored_exceptions as exc:\n                screen = getattr(exc, \"screen\", None)\n                stacktrace = getattr(exc, \"stacktrace\", None)\n                reason = getattr(exc, 'msg', None)\n            except AssertionError as err:\n                is_err = True\n                reason = err.args[0]\n            time.sleep(self._poll)\n            if time.monotonic() > end_time:\n                break\n        if is_err:\n            raise AssertionError(\n                f'\\n\\nTimeout: {self._timeout}\\nReason: {reason}'\n            )\n>       raise TimeoutException(\n            message + f'\\n\\nTimeout: {self._timeout}\\nReason: {reason}', screen, stacktrace\n        )\nE       selenium.common.exceptions.TimeoutException: Message: \nE       \nE       Timeout: 5.0\nE       Reason: no such element: Unable to locate element: {\"method\":\"css selector\",\"selector\":\"#firstName\"}\nE         (Session info: chrome=100.0.4896.60); For documentation on this error, please visit: https://www.selenium.dev/documentation/webdriver/troubleshooting/errors#no-such-element-exception\nE       Stacktrace:\nE       #0 0x55ad5800f013 <unknown>\nE       #1 0x55ad57d71a08 <unknown>\nE       #2 0x55ad57da7fb6 <unknown>\nE       #3 0x55ad57da8171 <unknown>\nE       #4 0x55ad57ddadd4 <unknown>\nE       #5 0x55ad57dc595d <unknown>\nE       #6 0x55ad57dd8b94 <unknown>\nE       #7 0x55ad57dc5823 <unknown>\nE       #8 0x55ad57d9b08a <unknown>\nE       #9 0x55ad57d9c1e5 <unknown>\nE       #10 0x55ad5803ce5d <unknown>\nE       #11 0x55ad58056061 <unknown>\nE       #12 0x55ad5803ebb5 <unknown>\nE       #13 0x55ad58056e08 <unknown>\nE       #14 0x55ad580322f0 <unknown>\nE       #15 0x55ad58072988 <unknown>\nE       #16 0x55ad58072b08 <unknown>\nE       #17 0x55ad5808c5dd <unknown>\nE       #18 0x7f77b43e3609 <unknown>\n\nselenopiv/wait.py:43: TimeoutException","steps":[{"name":"Открываем форму регистрации","time":{"start":1706444860418,"stop":1706444861936,"duration":1518},"status":"passed","steps":[],"attachments":[],"parameters":[],"shouldDisplayMessage":false,"stepsCount":0,"attachmentsCount":0,"hasContent":false,"attachmentStep":false},{"name":"Заполняем поле First Name","time":{"start":1706444861936,"stop":1706444867388,"duration":5452},"status":"broken","statusMessage":"selenium.common.exceptions.TimeoutException: Message: \n\nTimeout: 5.0\nReason: no such element: Unable to locate element: {\"method\":\"css selector\",\"selector\":\"#firstName\"}\n  (Session info: chrome=100.0.4896.60); For documentation on this error, please visit: https://www.selenium.dev/documentation/webdriver/troubleshooting/errors#no-such-element-exception\nStacktrace:\n#0 0x55ad5800f013 <unknown>\n#1 0x55ad57d71a08 <unknown>\n#2 0x55ad57da7fb6 <unknown>\n#3 0x55ad57da8171 <unknown>\n#4 0x55ad57ddadd4 <unknown>\n#5 0x55ad57dc595d <unknown>\n#6 0x55ad57dd8b94 <unknown>\n#7 0x55ad57dc5823 <unknown>\n#8 0x55ad57d9b08a <unknown>\n#9 0x55ad57d9c1e5 <unknown>\n#10 0x55ad5803ce5d <unknown>\n#11 0x55ad58056061 <unknown>\n#12 0x55ad5803ebb5 <unknown>\n#13 0x55ad58056e08 <unknown>\n#14 0x55ad580322f0 <unknown>\n#15 0x55ad58072988 <unknown>\n#16 0x55ad58072b08 <unknown>\n#17 0x55ad5808c5dd <unknown>\n#18 0x7f77b43e3609 <unknown>\n\n","statusTrace":"  File \"/opt/hostedtoolcache/Python/3.11.7/x64/lib/python3.11/site-packages/allure_commons/_allure.py\", line 192, in impl\n    return func(*a, **kw)\n           ^^^^^^^^^^^^^^\n  File \"/home/runner/work/demoqa-test-with-selenopiv-framework/demoqa-test-with-selenopiv-framework/demoqa_test_with_selenopiv_framework/pages/student_registration_page.py\", line 60, in fill_first_name\n    self.first_name.type(value)\n  File \"/home/runner/work/demoqa-test-with-selenopiv-framework/demoqa-test-with-selenopiv-framework/selenopiv/core.py\", line 61, in type\n    self.wait.until(command)\n  File \"/home/runner/work/demoqa-test-with-selenopiv-framework/demoqa-test-with-selenopiv-framework/selenopiv/wait.py\", line 43, in until\n    raise TimeoutException(\n","steps":[],"attachments":[],"parameters":[{"name":"value","value":"'Bill'"}],"shouldDisplayMessage":true,"stepsCount":0,"attachmentsCount":0,"hasContent":true,"attachmentStep":false}],"attachments":[],"parameters":[],"shouldDisplayMessage":true,"stepsCount":2,"attachmentsCount":0,"hasContent":true,"attachmentStep":false},"afterStages":[{"name":"browser::0","time":{"start":1706444867424,"stop":1706444868081,"duration":657},"status":"passed","steps":[],"attachments":[{"uid":"f7b4a712d72a744a","name":"screenshot","source":"f7b4a712d72a744a.png","type":"image/png","size":18771},{"uid":"8807fb74dd7fe7a7","name":"browser_logs","source":"8807fb74dd7fe7a7.txt","type":"text/plain","size":407},{"uid":"7e8ee086e2a76acf","name":"page_source","source":"7e8ee086e2a76acf.html","type":"text/html","size":555},{"uid":"965314096b2ebe4d","name":"video_a82ab755316d255285916cba8a5387d4","source":"965314096b2ebe4d.html","type":"text/html","size":193}],"parameters":[],"shouldDisplayMessage":false,"stepsCount":0,"attachmentsCount":4,"hasContent":true,"attachmentStep":false}],"labels":[{"name":"parentSuite","value":"tests"},{"name":"suite","value":"test_student_registration_form"},{"name":"host","value":"fv-az532-512"},{"name":"thread","value":"2260-MainThread"},{"name":"framework","value":"pytest"},{"name":"language","value":"cpython3"},{"name":"package","value":"tests.test_student_registration_form"},{"name":"resultFormat","value":"allure2"}],"parameters":[],"links":[],"hidden":false,"retry":false,"extra":{"severity":"normal","retries":[],"categories":[{"name":"Test defects","matchedStatuses":[],"flaky":false}],"history":{"statistic":{"failed":0,"broken":1,"skipped":0,"passed":8,"unknown":0,"total":9},"items":[{"uid":"3399f166d07f5775","reportUrl":"https://ponomarev-iv1986.github.io/demoqa-test-with-selenopiv-framework/20//#testresult/3399f166d07f5775","status":"passed","time":{"start":1705862028158,"stop":1705862037856,"duration":9698}},{"uid":"1cd07c97b57a506","reportUrl":"https://ponomarev-iv1986.github.io/demoqa-test-with-selenopiv-framework/19//#testresult/1cd07c97b57a506","status":"passed","time":{"start":1705847656187,"stop":1705847671557,"duration":15370}},{"uid":"314c72f958ba08e5","reportUrl":"https://ponomarev-iv1986.github.io/demoqa-test-with-selenopiv-framework/18//#testresult/314c72f958ba08e5","status":"passed","time":{"start":1705434971862,"stop":1705434983914,"duration":12052}},{"uid":"5bb9e159e04e3552","reportUrl":"https://ponomarev-iv1986.github.io/demoqa-test-with-selenopiv-framework/17//#testresult/5bb9e159e04e3552","status":"passed","time":{"start":1705434536303,"stop":1705434545422,"duration":9119}},{"uid":"60e37b81b490c58b","reportUrl":"https://ponomarev-iv1986.github.io/demoqa-test-with-selenopiv-framework/16//#testresult/60e37b81b490c58b","status":"passed","time":{"start":1705188601549,"stop":1705188614190,"duration":12641}},{"uid":"211e4040eb069d20","reportUrl":"https://ponomarev-iv1986.github.io/demoqa-test-with-selenopiv-framework/15//#testresult/211e4040eb069d20","status":"passed","time":{"start":1704791043800,"stop":1704791056232,"duration":12432}},{"uid":"9747751cc5eebf","reportUrl":"https://ponomarev-iv1986.github.io/demoqa-test-with-selenopiv-framework/14//#testresult/9747751cc5eebf","status":"passed","time":{"start":1704652737508,"stop":1704652749518,"duration":12010}},{"uid":"1cd198aab255a85d","reportUrl":"https://ponomarev-iv1986.github.io/demoqa-test-with-selenopiv-framework/13//#testresult/1cd198aab255a85d","status":"passed","time":{"start":1704651436976,"stop":1704651446079,"duration":9103}}]},"tags":[]},"source":"683252f729f95004.json","parameterValues":[]}